<?xml version="1.0" encoding="UTF-8"?>
<testsuite xmlns:xsi="http://www.w3.org/2001/XMLSchema-instance" xsi:noNamespaceSchemaLocation="https://maven.apache.org/surefire/maven-surefire-plugin/xsd/surefire-test-report.xsd" name="options.TestRunner" time="1.198" tests="6" errors="0" skipped="0" failures="6">
  <properties>
    <property name="java.specification.version" value="21"/>
    <property name="sun.jnu.encoding" value="UTF-8"/>
    <property name="java.class.path" value="/Users/eyyupguzel/Downloads/feature-prb/target/test-classes:/Users/eyyupguzel/Downloads/feature-prb/target/classes:/Users/eyyupguzel/.m2/repository/io/cucumber/cucumber-java/7.1.0/cucumber-java-7.1.0.jar:/Users/eyyupguzel/.m2/repository/org/apiguardian/apiguardian-api/1.1.2/apiguardian-api-1.1.2.jar:/Users/eyyupguzel/.m2/repository/io/cucumber/cucumber-core/7.1.0/cucumber-core-7.1.0.jar:/Users/eyyupguzel/.m2/repository/io/cucumber/cucumber-gherkin/7.1.0/cucumber-gherkin-7.1.0.jar:/Users/eyyupguzel/.m2/repository/io/cucumber/cucumber-gherkin-messages/7.1.0/cucumber-gherkin-messages-7.1.0.jar:/Users/eyyupguzel/.m2/repository/io/cucumber/messages/17.1.1/messages-17.1.1.jar:/Users/eyyupguzel/.m2/repository/io/cucumber/tag-expressions/4.1.0/tag-expressions-4.1.0.jar:/Users/eyyupguzel/.m2/repository/io/cucumber/cucumber-expressions/13.0.1/cucumber-expressions-13.0.1.jar:/Users/eyyupguzel/.m2/repository/io/cucumber/datatable/7.1.0/datatable-7.1.0.jar:/Users/eyyupguzel/.m2/repository/io/cucumber/cucumber-plugin/7.1.0/cucumber-plugin-7.1.0.jar:/Users/eyyupguzel/.m2/repository/io/cucumber/docstring/7.1.0/docstring-7.1.0.jar:/Users/eyyupguzel/.m2/repository/io/cucumber/html-formatter/17.0.0/html-formatter-17.0.0.jar:/Users/eyyupguzel/.m2/repository/io/cucumber/create-meta/6.0.4/create-meta-6.0.4.jar:/Users/eyyupguzel/.m2/repository/io/cucumber/cucumber-picocontainer/7.1.0/cucumber-picocontainer-7.1.0.jar:/Users/eyyupguzel/.m2/repository/org/picocontainer/picocontainer/2.15/picocontainer-2.15.jar:/Users/eyyupguzel/.m2/repository/io/cucumber/cucumber-junit-platform-engine/7.4.1/cucumber-junit-platform-engine-7.4.1.jar:/Users/eyyupguzel/.m2/repository/org/junit/platform/junit-platform-engine/1.8.2/junit-platform-engine-1.8.2.jar:/Users/eyyupguzel/.m2/repository/org/opentest4j/opentest4j/1.2.0/opentest4j-1.2.0.jar:/Users/eyyupguzel/.m2/repository/org/junit/platform/junit-platform-commons/1.8.2/junit-platform-commons-1.8.2.jar:/Users/eyyupguzel/.m2/repository/org/junit/platform/junit-platform-suite/1.8.2/junit-platform-suite-1.8.2.jar:/Users/eyyupguzel/.m2/repository/org/junit/platform/junit-platform-suite-api/1.8.2/junit-platform-suite-api-1.8.2.jar:/Users/eyyupguzel/.m2/repository/org/junit/platform/junit-platform-suite-engine/1.8.2/junit-platform-suite-engine-1.8.2.jar:/Users/eyyupguzel/.m2/repository/org/junit/platform/junit-platform-suite-commons/1.8.2/junit-platform-suite-commons-1.8.2.jar:/Users/eyyupguzel/.m2/repository/org/junit/platform/junit-platform-launcher/1.8.2/junit-platform-launcher-1.8.2.jar:/Users/eyyupguzel/.m2/repository/org/junit/jupiter/junit-jupiter/5.8.2/junit-jupiter-5.8.2.jar:/Users/eyyupguzel/.m2/repository/org/junit/jupiter/junit-jupiter-api/5.8.2/junit-jupiter-api-5.8.2.jar:/Users/eyyupguzel/.m2/repository/org/junit/jupiter/junit-jupiter-params/5.8.2/junit-jupiter-params-5.8.2.jar:/Users/eyyupguzel/.m2/repository/org/junit/jupiter/junit-jupiter-engine/5.8.2/junit-jupiter-engine-5.8.2.jar:/Users/eyyupguzel/.m2/repository/com/google/code/gson/gson/2.9.0/gson-2.9.0.jar:/Users/eyyupguzel/.m2/repository/com/googlecode/json-simple/json-simple/1.1.1/json-simple-1.1.1.jar:/Users/eyyupguzel/.m2/repository/junit/junit/4.10/junit-4.10.jar:/Users/eyyupguzel/.m2/repository/org/hamcrest/hamcrest-core/1.1/hamcrest-core-1.1.jar:/Users/eyyupguzel/.m2/repository/org/springframework/spring-web/3.0.2.RELEASE/spring-web-3.0.2.RELEASE.jar:/Users/eyyupguzel/.m2/repository/aopalliance/aopalliance/1.0/aopalliance-1.0.jar:/Users/eyyupguzel/.m2/repository/org/springframework/spring-beans/3.0.2.RELEASE/spring-beans-3.0.2.RELEASE.jar:/Users/eyyupguzel/.m2/repository/org/springframework/spring-context/3.0.2.RELEASE/spring-context-3.0.2.RELEASE.jar:/Users/eyyupguzel/.m2/repository/org/springframework/spring-aop/3.0.2.RELEASE/spring-aop-3.0.2.RELEASE.jar:/Users/eyyupguzel/.m2/repository/org/springframework/spring-expression/3.0.2.RELEASE/spring-expression-3.0.2.RELEASE.jar:/Users/eyyupguzel/.m2/repository/org/springframework/spring-asm/3.0.2.RELEASE/spring-asm-3.0.2.RELEASE.jar:/Users/eyyupguzel/.m2/repository/org/springframework/spring-core/3.0.2.RELEASE/spring-core-3.0.2.RELEASE.jar:/Users/eyyupguzel/.m2/repository/commons-logging/commons-logging/1.1.1/commons-logging-1.1.1.jar:/Users/eyyupguzel/.m2/repository/io/cucumber/cucumber-testng/7.1.0/cucumber-testng-7.1.0.jar:/Users/eyyupguzel/.m2/repository/org/apache/logging/log4j/log4j-core/2.20.0/log4j-core-2.20.0.jar:/Users/eyyupguzel/.m2/repository/org/apache/logging/log4j/log4j-api/2.20.0/log4j-api-2.20.0.jar:/Users/eyyupguzel/.m2/repository/io/qameta/allure/allure-testng/2.20.1/allure-testng-2.20.1.jar:/Users/eyyupguzel/.m2/repository/io/qameta/allure/allure-java-commons/2.20.1/allure-java-commons-2.20.1.jar:/Users/eyyupguzel/.m2/repository/io/qameta/allure/allure-model/2.20.1/allure-model-2.20.1.jar:/Users/eyyupguzel/.m2/repository/io/qameta/allure/allure-test-filter/2.20.1/allure-test-filter-2.20.1.jar:/Users/eyyupguzel/.m2/repository/org/testng/testng/7.7.1/testng-7.7.1.jar:/Users/eyyupguzel/.m2/repository/org/slf4j/slf4j-api/1.7.36/slf4j-api-1.7.36.jar:/Users/eyyupguzel/.m2/repository/com/beust/jcommander/1.82/jcommander-1.82.jar:/Users/eyyupguzel/.m2/repository/org/webjars/jquery/3.6.1/jquery-3.6.1.jar:/Users/eyyupguzel/.m2/repository/org/hackerpeers/dependency-executor-service/1.0.0/dependency-executor-service-1.0.0.jar:/Users/eyyupguzel/.m2/repository/org/seleniumhq/selenium/selenium-java/4.11.0/selenium-java-4.11.0.jar:/Users/eyyupguzel/.m2/repository/org/seleniumhq/selenium/selenium-api/4.11.0/selenium-api-4.11.0.jar:/Users/eyyupguzel/.m2/repository/org/seleniumhq/selenium/selenium-chrome-driver/4.11.0/selenium-chrome-driver-4.11.0.jar:/Users/eyyupguzel/.m2/repository/com/google/auto/service/auto-service-annotations/1.0.1/auto-service-annotations-1.0.1.jar:/Users/eyyupguzel/.m2/repository/com/google/guava/guava/31.1-jre/guava-31.1-jre.jar:/Users/eyyupguzel/.m2/repository/com/google/guava/failureaccess/1.0.1/failureaccess-1.0.1.jar:/Users/eyyupguzel/.m2/repository/com/google/guava/listenablefuture/9999.0-empty-to-avoid-conflict-with-guava/listenablefuture-9999.0-empty-to-avoid-conflict-with-guava.jar:/Users/eyyupguzel/.m2/repository/com/google/code/findbugs/jsr305/3.0.2/jsr305-3.0.2.jar:/Users/eyyupguzel/.m2/repository/org/checkerframework/checker-qual/3.12.0/checker-qual-3.12.0.jar:/Users/eyyupguzel/.m2/repository/com/google/errorprone/error_prone_annotations/2.11.0/error_prone_annotations-2.11.0.jar:/Users/eyyupguzel/.m2/repository/com/google/j2objc/j2objc-annotations/1.3/j2objc-annotations-1.3.jar:/Users/eyyupguzel/.m2/repository/org/seleniumhq/selenium/selenium-chromium-driver/4.11.0/selenium-chromium-driver-4.11.0.jar:/Users/eyyupguzel/.m2/repository/org/seleniumhq/selenium/selenium-json/4.11.0/selenium-json-4.11.0.jar:/Users/eyyupguzel/.m2/repository/org/seleniumhq/selenium/selenium-manager/4.11.0/selenium-manager-4.11.0.jar:/Users/eyyupguzel/.m2/repository/org/seleniumhq/selenium/selenium-devtools-v113/4.11.0/selenium-devtools-v113-4.11.0.jar:/Users/eyyupguzel/.m2/repository/org/seleniumhq/selenium/selenium-devtools-v114/4.11.0/selenium-devtools-v114-4.11.0.jar:/Users/eyyupguzel/.m2/repository/org/seleniumhq/selenium/selenium-devtools-v115/4.11.0/selenium-devtools-v115-4.11.0.jar:/Users/eyyupguzel/.m2/repository/org/seleniumhq/selenium/selenium-devtools-v85/4.11.0/selenium-devtools-v85-4.11.0.jar:/Users/eyyupguzel/.m2/repository/org/seleniumhq/selenium/selenium-edge-driver/4.11.0/selenium-edge-driver-4.11.0.jar:/Users/eyyupguzel/.m2/repository/org/seleniumhq/selenium/selenium-firefox-driver/4.11.0/selenium-firefox-driver-4.11.0.jar:/Users/eyyupguzel/.m2/repository/org/seleniumhq/selenium/selenium-http/4.11.0/selenium-http-4.11.0.jar:/Users/eyyupguzel/.m2/repository/dev/failsafe/failsafe/3.3.1/failsafe-3.3.1.jar:/Users/eyyupguzel/.m2/repository/org/seleniumhq/selenium/selenium-ie-driver/4.11.0/selenium-ie-driver-4.11.0.jar:/Users/eyyupguzel/.m2/repository/org/seleniumhq/selenium/selenium-remote-driver/4.11.0/selenium-remote-driver-4.11.0.jar:/Users/eyyupguzel/.m2/repository/io/netty/netty-buffer/4.1.92.Final/netty-buffer-4.1.92.Final.jar:/Users/eyyupguzel/.m2/repository/io/netty/netty-codec-http/4.1.92.Final/netty-codec-http-4.1.92.Final.jar:/Users/eyyupguzel/.m2/repository/io/netty/netty-codec/4.1.92.Final/netty-codec-4.1.92.Final.jar:/Users/eyyupguzel/.m2/repository/io/netty/netty-handler/4.1.92.Final/netty-handler-4.1.92.Final.jar:/Users/eyyupguzel/.m2/repository/io/netty/netty-common/4.1.92.Final/netty-common-4.1.92.Final.jar:/Users/eyyupguzel/.m2/repository/io/netty/netty-transport-classes-epoll/4.1.92.Final/netty-transport-classes-epoll-4.1.92.Final.jar:/Users/eyyupguzel/.m2/repository/io/netty/netty-transport-classes-kqueue/4.1.92.Final/netty-transport-classes-kqueue-4.1.92.Final.jar:/Users/eyyupguzel/.m2/repository/io/netty/netty-transport-native-epoll/4.1.92.Final/netty-transport-native-epoll-4.1.92.Final.jar:/Users/eyyupguzel/.m2/repository/io/netty/netty-transport-native-kqueue/4.1.92.Final/netty-transport-native-kqueue-4.1.92.Final.jar:/Users/eyyupguzel/.m2/repository/io/netty/netty-transport-native-unix-common/4.1.92.Final/netty-transport-native-unix-common-4.1.92.Final.jar:/Users/eyyupguzel/.m2/repository/io/netty/netty-transport/4.1.92.Final/netty-transport-4.1.92.Final.jar:/Users/eyyupguzel/.m2/repository/io/netty/netty-resolver/4.1.92.Final/netty-resolver-4.1.92.Final.jar:/Users/eyyupguzel/.m2/repository/io/opentelemetry/opentelemetry-api/1.26.0/opentelemetry-api-1.26.0.jar:/Users/eyyupguzel/.m2/repository/io/opentelemetry/opentelemetry-context/1.26.0/opentelemetry-context-1.26.0.jar:/Users/eyyupguzel/.m2/repository/io/opentelemetry/opentelemetry-exporter-logging/1.26.0/opentelemetry-exporter-logging-1.26.0.jar:/Users/eyyupguzel/.m2/repository/io/opentelemetry/opentelemetry-sdk-metrics/1.26.0/opentelemetry-sdk-metrics-1.26.0.jar:/Users/eyyupguzel/.m2/repository/io/opentelemetry/opentelemetry-extension-incubator/1.26.0-alpha/opentelemetry-extension-incubator-1.26.0-alpha.jar:/Users/eyyupguzel/.m2/repository/io/opentelemetry/opentelemetry-sdk-logs/1.26.0-alpha/opentelemetry-sdk-logs-1.26.0-alpha.jar:/Users/eyyupguzel/.m2/repository/io/opentelemetry/opentelemetry-api-logs/1.26.0-alpha/opentelemetry-api-logs-1.26.0-alpha.jar:/Users/eyyupguzel/.m2/repository/io/opentelemetry/opentelemetry-api-events/1.26.0-alpha/opentelemetry-api-events-1.26.0-alpha.jar:/Users/eyyupguzel/.m2/repository/io/opentelemetry/opentelemetry-sdk-common/1.26.0/opentelemetry-sdk-common-1.26.0.jar:/Users/eyyupguzel/.m2/repository/io/opentelemetry/opentelemetry-sdk-extension-autoconfigure-spi/1.26.0/opentelemetry-sdk-extension-autoconfigure-spi-1.26.0.jar:/Users/eyyupguzel/.m2/repository/io/opentelemetry/opentelemetry-sdk-extension-autoconfigure/1.26.0-alpha/opentelemetry-sdk-extension-autoconfigure-1.26.0-alpha.jar:/Users/eyyupguzel/.m2/repository/io/opentelemetry/opentelemetry-sdk-trace/1.26.0/opentelemetry-sdk-trace-1.26.0.jar:/Users/eyyupguzel/.m2/repository/io/opentelemetry/opentelemetry-sdk/1.26.0/opentelemetry-sdk-1.26.0.jar:/Users/eyyupguzel/.m2/repository/io/opentelemetry/opentelemetry-semconv/1.26.0-alpha/opentelemetry-semconv-1.26.0-alpha.jar:/Users/eyyupguzel/.m2/repository/net/bytebuddy/byte-buddy/1.14.4/byte-buddy-1.14.4.jar:/Users/eyyupguzel/.m2/repository/org/asynchttpclient/async-http-client/2.12.3/async-http-client-2.12.3.jar:/Users/eyyupguzel/.m2/repository/org/asynchttpclient/async-http-client-netty-utils/2.12.3/async-http-client-netty-utils-2.12.3.jar:/Users/eyyupguzel/.m2/repository/io/netty/netty-codec-socks/4.1.60.Final/netty-codec-socks-4.1.60.Final.jar:/Users/eyyupguzel/.m2/repository/io/netty/netty-handler-proxy/4.1.60.Final/netty-handler-proxy-4.1.60.Final.jar:/Users/eyyupguzel/.m2/repository/io/netty/netty-transport-native-epoll/4.1.60.Final/netty-transport-native-epoll-4.1.60.Final-linux-x86_64.jar:/Users/eyyupguzel/.m2/repository/io/netty/netty-transport-native-kqueue/4.1.60.Final/netty-transport-native-kqueue-4.1.60.Final-osx-x86_64.jar:/Users/eyyupguzel/.m2/repository/org/reactivestreams/reactive-streams/1.0.3/reactive-streams-1.0.3.jar:/Users/eyyupguzel/.m2/repository/com/typesafe/netty/netty-reactive-streams/2.0.4/netty-reactive-streams-2.0.4.jar:/Users/eyyupguzel/.m2/repository/com/sun/activation/jakarta.activation/1.2.2/jakarta.activation-1.2.2.jar:/Users/eyyupguzel/.m2/repository/org/seleniumhq/selenium/selenium-safari-driver/4.11.0/selenium-safari-driver-4.11.0.jar:/Users/eyyupguzel/.m2/repository/org/seleniumhq/selenium/selenium-support/4.11.0/selenium-support-4.11.0.jar:/Users/eyyupguzel/.m2/repository/org/apache/poi/poi/5.2.3/poi-5.2.3.jar:/Users/eyyupguzel/.m2/repository/commons-codec/commons-codec/1.15/commons-codec-1.15.jar:/Users/eyyupguzel/.m2/repository/org/apache/commons/commons-collections4/4.4/commons-collections4-4.4.jar:/Users/eyyupguzel/.m2/repository/org/apache/commons/commons-math3/3.6.1/commons-math3-3.6.1.jar:/Users/eyyupguzel/.m2/repository/commons-io/commons-io/2.11.0/commons-io-2.11.0.jar:/Users/eyyupguzel/.m2/repository/com/zaxxer/SparseBitSet/1.2/SparseBitSet-1.2.jar:/Users/eyyupguzel/.m2/repository/io/github/bonigarcia/webdrivermanager/5.5.3/webdrivermanager-5.5.3.jar:/Users/eyyupguzel/.m2/repository/com/github/docker-java/docker-java/3.3.3/docker-java-3.3.3.jar:/Users/eyyupguzel/.m2/repository/com/github/docker-java/docker-java-core/3.3.3/docker-java-core-3.3.3.jar:/Users/eyyupguzel/.m2/repository/com/github/docker-java/docker-java-api/3.3.3/docker-java-api-3.3.3.jar:/Users/eyyupguzel/.m2/repository/com/fasterxml/jackson/core/jackson-annotations/2.10.3/jackson-annotations-2.10.3.jar:/Users/eyyupguzel/.m2/repository/com/fasterxml/jackson/core/jackson-databind/2.10.3/jackson-databind-2.10.3.jar:/Users/eyyupguzel/.m2/repository/com/fasterxml/jackson/core/jackson-core/2.10.3/jackson-core-2.10.3.jar:/Users/eyyupguzel/.m2/repository/org/bouncycastle/bcpkix-jdk18on/1.75/bcpkix-jdk18on-1.75.jar:/Users/eyyupguzel/.m2/repository/org/bouncycastle/bcprov-jdk18on/1.75/bcprov-jdk18on-1.75.jar:/Users/eyyupguzel/.m2/repository/org/bouncycastle/bcutil-jdk18on/1.75/bcutil-jdk18on-1.75.jar:/Users/eyyupguzel/.m2/repository/org/slf4j/jcl-over-slf4j/1.7.30/jcl-over-slf4j-1.7.30.jar:/Users/eyyupguzel/.m2/repository/com/github/docker-java/docker-java-transport-httpclient5/3.3.3/docker-java-transport-httpclient5-3.3.3.jar:/Users/eyyupguzel/.m2/repository/com/github/docker-java/docker-java-transport/3.3.3/docker-java-transport-3.3.3.jar:/Users/eyyupguzel/.m2/repository/net/java/dev/jna/jna/5.12.1/jna-5.12.1.jar:/Users/eyyupguzel/.m2/repository/org/brotli/dec/0.1.2/dec-0.1.2.jar:/Users/eyyupguzel/.m2/repository/org/apache/commons/commons-lang3/3.13.0/commons-lang3-3.13.0.jar:/Users/eyyupguzel/.m2/repository/org/apache/httpcomponents/client5/httpclient5/5.2.1/httpclient5-5.2.1.jar:/Users/eyyupguzel/.m2/repository/org/apache/httpcomponents/core5/httpcore5/5.2/httpcore5-5.2.jar:/Users/eyyupguzel/.m2/repository/org/apache/httpcomponents/core5/httpcore5-h2/5.2/httpcore5-h2-5.2.jar:/Users/eyyupguzel/.m2/repository/com/jayway/jsonpath/json-path/2.7.0/json-path-2.7.0.jar:/Users/eyyupguzel/.m2/repository/net/minidev/json-smart/2.4.7/json-smart-2.4.7.jar:/Users/eyyupguzel/.m2/repository/net/minidev/accessors-smart/2.4.7/accessors-smart-2.4.7.jar:/Users/eyyupguzel/.m2/repository/org/ow2/asm/asm/9.1/asm-9.1.jar:/Users/eyyupguzel/.m2/repository/io/cucumber/gherkin/22.0.0/gherkin-22.0.0.jar:/Users/eyyupguzel/.m2/repository/org/json/json/20220924/json-20220924.jar:/Users/eyyupguzel/.m2/repository/com/sikulix/sikulixapi/2.0.4/sikulixapi-2.0.4.jar:/Users/eyyupguzel/.m2/repository/com/sikulix/sikulix2tigervnc/1.1.4/sikulix2tigervnc-1.1.4.jar:/Users/eyyupguzel/.m2/repository/commons-cli/commons-cli/1.4/commons-cli-1.4.jar:/Users/eyyupguzel/.m2/repository/org/apache/commons/commons-exec/1.3/commons-exec-1.3.jar:/Users/eyyupguzel/.m2/repository/net/java/dev/jna/jna-platform/5.4.0/jna-platform-5.4.0.jar:/Users/eyyupguzel/.m2/repository/net/oneandone/reflections8/reflections8/0.11.6/reflections8-0.11.6.jar:/Users/eyyupguzel/.m2/repository/org/javassist/javassist/3.22.0-GA/javassist-3.22.0-GA.jar:/Users/eyyupguzel/.m2/repository/net/sourceforge/tess4j/tess4j/4.4.1/tess4j-4.4.1.jar:/Users/eyyupguzel/.m2/repository/com/github/jai-imageio/jai-imageio-core/1.4.0/jai-imageio-core-1.4.0.jar:/Users/eyyupguzel/.m2/repository/org/ghost4j/ghost4j/1.0.1/ghost4j-1.0.1.jar:/Users/eyyupguzel/.m2/repository/log4j/log4j/1.2.17/log4j-1.2.17.jar:/Users/eyyupguzel/.m2/repository/commons-beanutils/commons-beanutils/1.9.2/commons-beanutils-1.9.2.jar:/Users/eyyupguzel/.m2/repository/commons-collections/commons-collections/3.2.1/commons-collections-3.2.1.jar:/Users/eyyupguzel/.m2/repository/org/apache/xmlgraphics/xmlgraphics-commons/1.4/xmlgraphics-commons-1.4.jar:/Users/eyyupguzel/.m2/repository/com/lowagie/itext/2.1.7/itext-2.1.7.jar:/Users/eyyupguzel/.m2/repository/org/apache/pdfbox/pdfbox/2.0.17/pdfbox-2.0.17.jar:/Users/eyyupguzel/.m2/repository/org/apache/pdfbox/fontbox/2.0.17/fontbox-2.0.17.jar:/Users/eyyupguzel/.m2/repository/org/apache/pdfbox/pdfbox-tools/2.0.17/pdfbox-tools-2.0.17.jar:/Users/eyyupguzel/.m2/repository/org/apache/pdfbox/pdfbox-debugger/2.0.17/pdfbox-debugger-2.0.17.jar:/Users/eyyupguzel/.m2/repository/org/apache/pdfbox/jbig2-imageio/3.0.2/jbig2-imageio-3.0.2.jar:/Users/eyyupguzel/.m2/repository/net/sourceforge/lept4j/lept4j/1.12.3/lept4j-1.12.3.jar:/Users/eyyupguzel/.m2/repository/org/jboss/jboss-vfs/3.2.14.Final/jboss-vfs-3.2.14.Final.jar:/Users/eyyupguzel/.m2/repository/org/jboss/logging/jboss-logging/3.1.4.GA/jboss-logging-3.1.4.GA.jar:/Users/eyyupguzel/.m2/repository/org/slf4j/jul-to-slf4j/1.7.28/jul-to-slf4j-1.7.28.jar:/Users/eyyupguzel/.m2/repository/org/slf4j/log4j-over-slf4j/1.7.28/log4j-over-slf4j-1.7.28.jar:/Users/eyyupguzel/.m2/repository/org/slf4j/slf4j-nop/1.7.28/slf4j-nop-1.7.28.jar:/Users/eyyupguzel/.m2/repository/org/openpnp/opencv/4.5.1-1/opencv-4.5.1-1.jar:/Users/eyyupguzel/.m2/repository/org/apache/poi/poi-ooxml/5.2.3/poi-ooxml-5.2.3.jar:/Users/eyyupguzel/.m2/repository/org/apache/xmlbeans/xmlbeans/5.1.1/xmlbeans-5.1.1.jar:/Users/eyyupguzel/.m2/repository/org/apache/commons/commons-compress/1.21/commons-compress-1.21.jar:/Users/eyyupguzel/.m2/repository/com/github/virtuald/curvesapi/1.07/curvesapi-1.07.jar:/Users/eyyupguzel/.m2/repository/org/apache/poi/poi-ooxml-lite/5.2.3/poi-ooxml-lite-5.2.3.jar:/Users/eyyupguzel/.m2/repository/org/apache/maven/surefire/surefire-testng-utils/2.22.0/surefire-testng-utils-2.22.0.jar:/Users/eyyupguzel/.m2/repository/org/apache/maven/surefire/surefire-grouper/2.22.0/surefire-grouper-2.22.0.jar:"/>
    <property name="java.vm.vendor" value="Oracle Corporation"/>
    <property name="sun.arch.data.model" value="64"/>
    <property name="java.vendor.url" value="https://java.oracle.com/"/>
    <property name="os.name" value="Mac OS X"/>
    <property name="java.vm.specification.version" value="21"/>
    <property name="sun.java.launcher" value="SUN_STANDARD"/>
    <property name="user.country" value="TR"/>
    <property name="sun.boot.library.path" value="/Users/eyyupguzel/Library/Java/JavaVirtualMachines/openjdk-21/Contents/Home/lib"/>
    <property name="sun.java.command" value="/Users/eyyupguzel/Downloads/feature-prb/target/surefire/surefirebooter4160024038010973614.jar /Users/eyyupguzel/Downloads/feature-prb/target/surefire 2023-12-17T22-01-12_811-jvmRun1 surefire8101724060649141643tmp surefire_08717570166609612587tmp"/>
    <property name="http.nonProxyHosts" value="local|*.local|169.254/16|*.169.254/16"/>
    <property name="jdk.debug" value="release"/>
    <property name="surefire.test.class.path" value="/Users/eyyupguzel/Downloads/feature-prb/target/test-classes:/Users/eyyupguzel/Downloads/feature-prb/target/classes:/Users/eyyupguzel/.m2/repository/io/cucumber/cucumber-java/7.1.0/cucumber-java-7.1.0.jar:/Users/eyyupguzel/.m2/repository/org/apiguardian/apiguardian-api/1.1.2/apiguardian-api-1.1.2.jar:/Users/eyyupguzel/.m2/repository/io/cucumber/cucumber-core/7.1.0/cucumber-core-7.1.0.jar:/Users/eyyupguzel/.m2/repository/io/cucumber/cucumber-gherkin/7.1.0/cucumber-gherkin-7.1.0.jar:/Users/eyyupguzel/.m2/repository/io/cucumber/cucumber-gherkin-messages/7.1.0/cucumber-gherkin-messages-7.1.0.jar:/Users/eyyupguzel/.m2/repository/io/cucumber/messages/17.1.1/messages-17.1.1.jar:/Users/eyyupguzel/.m2/repository/io/cucumber/tag-expressions/4.1.0/tag-expressions-4.1.0.jar:/Users/eyyupguzel/.m2/repository/io/cucumber/cucumber-expressions/13.0.1/cucumber-expressions-13.0.1.jar:/Users/eyyupguzel/.m2/repository/io/cucumber/datatable/7.1.0/datatable-7.1.0.jar:/Users/eyyupguzel/.m2/repository/io/cucumber/cucumber-plugin/7.1.0/cucumber-plugin-7.1.0.jar:/Users/eyyupguzel/.m2/repository/io/cucumber/docstring/7.1.0/docstring-7.1.0.jar:/Users/eyyupguzel/.m2/repository/io/cucumber/html-formatter/17.0.0/html-formatter-17.0.0.jar:/Users/eyyupguzel/.m2/repository/io/cucumber/create-meta/6.0.4/create-meta-6.0.4.jar:/Users/eyyupguzel/.m2/repository/io/cucumber/cucumber-picocontainer/7.1.0/cucumber-picocontainer-7.1.0.jar:/Users/eyyupguzel/.m2/repository/org/picocontainer/picocontainer/2.15/picocontainer-2.15.jar:/Users/eyyupguzel/.m2/repository/io/cucumber/cucumber-junit-platform-engine/7.4.1/cucumber-junit-platform-engine-7.4.1.jar:/Users/eyyupguzel/.m2/repository/org/junit/platform/junit-platform-engine/1.8.2/junit-platform-engine-1.8.2.jar:/Users/eyyupguzel/.m2/repository/org/opentest4j/opentest4j/1.2.0/opentest4j-1.2.0.jar:/Users/eyyupguzel/.m2/repository/org/junit/platform/junit-platform-commons/1.8.2/junit-platform-commons-1.8.2.jar:/Users/eyyupguzel/.m2/repository/org/junit/platform/junit-platform-suite/1.8.2/junit-platform-suite-1.8.2.jar:/Users/eyyupguzel/.m2/repository/org/junit/platform/junit-platform-suite-api/1.8.2/junit-platform-suite-api-1.8.2.jar:/Users/eyyupguzel/.m2/repository/org/junit/platform/junit-platform-suite-engine/1.8.2/junit-platform-suite-engine-1.8.2.jar:/Users/eyyupguzel/.m2/repository/org/junit/platform/junit-platform-suite-commons/1.8.2/junit-platform-suite-commons-1.8.2.jar:/Users/eyyupguzel/.m2/repository/org/junit/platform/junit-platform-launcher/1.8.2/junit-platform-launcher-1.8.2.jar:/Users/eyyupguzel/.m2/repository/org/junit/jupiter/junit-jupiter/5.8.2/junit-jupiter-5.8.2.jar:/Users/eyyupguzel/.m2/repository/org/junit/jupiter/junit-jupiter-api/5.8.2/junit-jupiter-api-5.8.2.jar:/Users/eyyupguzel/.m2/repository/org/junit/jupiter/junit-jupiter-params/5.8.2/junit-jupiter-params-5.8.2.jar:/Users/eyyupguzel/.m2/repository/org/junit/jupiter/junit-jupiter-engine/5.8.2/junit-jupiter-engine-5.8.2.jar:/Users/eyyupguzel/.m2/repository/com/google/code/gson/gson/2.9.0/gson-2.9.0.jar:/Users/eyyupguzel/.m2/repository/com/googlecode/json-simple/json-simple/1.1.1/json-simple-1.1.1.jar:/Users/eyyupguzel/.m2/repository/junit/junit/4.10/junit-4.10.jar:/Users/eyyupguzel/.m2/repository/org/hamcrest/hamcrest-core/1.1/hamcrest-core-1.1.jar:/Users/eyyupguzel/.m2/repository/org/springframework/spring-web/3.0.2.RELEASE/spring-web-3.0.2.RELEASE.jar:/Users/eyyupguzel/.m2/repository/aopalliance/aopalliance/1.0/aopalliance-1.0.jar:/Users/eyyupguzel/.m2/repository/org/springframework/spring-beans/3.0.2.RELEASE/spring-beans-3.0.2.RELEASE.jar:/Users/eyyupguzel/.m2/repository/org/springframework/spring-context/3.0.2.RELEASE/spring-context-3.0.2.RELEASE.jar:/Users/eyyupguzel/.m2/repository/org/springframework/spring-aop/3.0.2.RELEASE/spring-aop-3.0.2.RELEASE.jar:/Users/eyyupguzel/.m2/repository/org/springframework/spring-expression/3.0.2.RELEASE/spring-expression-3.0.2.RELEASE.jar:/Users/eyyupguzel/.m2/repository/org/springframework/spring-asm/3.0.2.RELEASE/spring-asm-3.0.2.RELEASE.jar:/Users/eyyupguzel/.m2/repository/org/springframework/spring-core/3.0.2.RELEASE/spring-core-3.0.2.RELEASE.jar:/Users/eyyupguzel/.m2/repository/commons-logging/commons-logging/1.1.1/commons-logging-1.1.1.jar:/Users/eyyupguzel/.m2/repository/io/cucumber/cucumber-testng/7.1.0/cucumber-testng-7.1.0.jar:/Users/eyyupguzel/.m2/repository/org/apache/logging/log4j/log4j-core/2.20.0/log4j-core-2.20.0.jar:/Users/eyyupguzel/.m2/repository/org/apache/logging/log4j/log4j-api/2.20.0/log4j-api-2.20.0.jar:/Users/eyyupguzel/.m2/repository/io/qameta/allure/allure-testng/2.20.1/allure-testng-2.20.1.jar:/Users/eyyupguzel/.m2/repository/io/qameta/allure/allure-java-commons/2.20.1/allure-java-commons-2.20.1.jar:/Users/eyyupguzel/.m2/repository/io/qameta/allure/allure-model/2.20.1/allure-model-2.20.1.jar:/Users/eyyupguzel/.m2/repository/io/qameta/allure/allure-test-filter/2.20.1/allure-test-filter-2.20.1.jar:/Users/eyyupguzel/.m2/repository/org/testng/testng/7.7.1/testng-7.7.1.jar:/Users/eyyupguzel/.m2/repository/org/slf4j/slf4j-api/1.7.36/slf4j-api-1.7.36.jar:/Users/eyyupguzel/.m2/repository/com/beust/jcommander/1.82/jcommander-1.82.jar:/Users/eyyupguzel/.m2/repository/org/webjars/jquery/3.6.1/jquery-3.6.1.jar:/Users/eyyupguzel/.m2/repository/org/hackerpeers/dependency-executor-service/1.0.0/dependency-executor-service-1.0.0.jar:/Users/eyyupguzel/.m2/repository/org/seleniumhq/selenium/selenium-java/4.11.0/selenium-java-4.11.0.jar:/Users/eyyupguzel/.m2/repository/org/seleniumhq/selenium/selenium-api/4.11.0/selenium-api-4.11.0.jar:/Users/eyyupguzel/.m2/repository/org/seleniumhq/selenium/selenium-chrome-driver/4.11.0/selenium-chrome-driver-4.11.0.jar:/Users/eyyupguzel/.m2/repository/com/google/auto/service/auto-service-annotations/1.0.1/auto-service-annotations-1.0.1.jar:/Users/eyyupguzel/.m2/repository/com/google/guava/guava/31.1-jre/guava-31.1-jre.jar:/Users/eyyupguzel/.m2/repository/com/google/guava/failureaccess/1.0.1/failureaccess-1.0.1.jar:/Users/eyyupguzel/.m2/repository/com/google/guava/listenablefuture/9999.0-empty-to-avoid-conflict-with-guava/listenablefuture-9999.0-empty-to-avoid-conflict-with-guava.jar:/Users/eyyupguzel/.m2/repository/com/google/code/findbugs/jsr305/3.0.2/jsr305-3.0.2.jar:/Users/eyyupguzel/.m2/repository/org/checkerframework/checker-qual/3.12.0/checker-qual-3.12.0.jar:/Users/eyyupguzel/.m2/repository/com/google/errorprone/error_prone_annotations/2.11.0/error_prone_annotations-2.11.0.jar:/Users/eyyupguzel/.m2/repository/com/google/j2objc/j2objc-annotations/1.3/j2objc-annotations-1.3.jar:/Users/eyyupguzel/.m2/repository/org/seleniumhq/selenium/selenium-chromium-driver/4.11.0/selenium-chromium-driver-4.11.0.jar:/Users/eyyupguzel/.m2/repository/org/seleniumhq/selenium/selenium-json/4.11.0/selenium-json-4.11.0.jar:/Users/eyyupguzel/.m2/repository/org/seleniumhq/selenium/selenium-manager/4.11.0/selenium-manager-4.11.0.jar:/Users/eyyupguzel/.m2/repository/org/seleniumhq/selenium/selenium-devtools-v113/4.11.0/selenium-devtools-v113-4.11.0.jar:/Users/eyyupguzel/.m2/repository/org/seleniumhq/selenium/selenium-devtools-v114/4.11.0/selenium-devtools-v114-4.11.0.jar:/Users/eyyupguzel/.m2/repository/org/seleniumhq/selenium/selenium-devtools-v115/4.11.0/selenium-devtools-v115-4.11.0.jar:/Users/eyyupguzel/.m2/repository/org/seleniumhq/selenium/selenium-devtools-v85/4.11.0/selenium-devtools-v85-4.11.0.jar:/Users/eyyupguzel/.m2/repository/org/seleniumhq/selenium/selenium-edge-driver/4.11.0/selenium-edge-driver-4.11.0.jar:/Users/eyyupguzel/.m2/repository/org/seleniumhq/selenium/selenium-firefox-driver/4.11.0/selenium-firefox-driver-4.11.0.jar:/Users/eyyupguzel/.m2/repository/org/seleniumhq/selenium/selenium-http/4.11.0/selenium-http-4.11.0.jar:/Users/eyyupguzel/.m2/repository/dev/failsafe/failsafe/3.3.1/failsafe-3.3.1.jar:/Users/eyyupguzel/.m2/repository/org/seleniumhq/selenium/selenium-ie-driver/4.11.0/selenium-ie-driver-4.11.0.jar:/Users/eyyupguzel/.m2/repository/org/seleniumhq/selenium/selenium-remote-driver/4.11.0/selenium-remote-driver-4.11.0.jar:/Users/eyyupguzel/.m2/repository/io/netty/netty-buffer/4.1.92.Final/netty-buffer-4.1.92.Final.jar:/Users/eyyupguzel/.m2/repository/io/netty/netty-codec-http/4.1.92.Final/netty-codec-http-4.1.92.Final.jar:/Users/eyyupguzel/.m2/repository/io/netty/netty-codec/4.1.92.Final/netty-codec-4.1.92.Final.jar:/Users/eyyupguzel/.m2/repository/io/netty/netty-handler/4.1.92.Final/netty-handler-4.1.92.Final.jar:/Users/eyyupguzel/.m2/repository/io/netty/netty-common/4.1.92.Final/netty-common-4.1.92.Final.jar:/Users/eyyupguzel/.m2/repository/io/netty/netty-transport-classes-epoll/4.1.92.Final/netty-transport-classes-epoll-4.1.92.Final.jar:/Users/eyyupguzel/.m2/repository/io/netty/netty-transport-classes-kqueue/4.1.92.Final/netty-transport-classes-kqueue-4.1.92.Final.jar:/Users/eyyupguzel/.m2/repository/io/netty/netty-transport-native-epoll/4.1.92.Final/netty-transport-native-epoll-4.1.92.Final.jar:/Users/eyyupguzel/.m2/repository/io/netty/netty-transport-native-kqueue/4.1.92.Final/netty-transport-native-kqueue-4.1.92.Final.jar:/Users/eyyupguzel/.m2/repository/io/netty/netty-transport-native-unix-common/4.1.92.Final/netty-transport-native-unix-common-4.1.92.Final.jar:/Users/eyyupguzel/.m2/repository/io/netty/netty-transport/4.1.92.Final/netty-transport-4.1.92.Final.jar:/Users/eyyupguzel/.m2/repository/io/netty/netty-resolver/4.1.92.Final/netty-resolver-4.1.92.Final.jar:/Users/eyyupguzel/.m2/repository/io/opentelemetry/opentelemetry-api/1.26.0/opentelemetry-api-1.26.0.jar:/Users/eyyupguzel/.m2/repository/io/opentelemetry/opentelemetry-context/1.26.0/opentelemetry-context-1.26.0.jar:/Users/eyyupguzel/.m2/repository/io/opentelemetry/opentelemetry-exporter-logging/1.26.0/opentelemetry-exporter-logging-1.26.0.jar:/Users/eyyupguzel/.m2/repository/io/opentelemetry/opentelemetry-sdk-metrics/1.26.0/opentelemetry-sdk-metrics-1.26.0.jar:/Users/eyyupguzel/.m2/repository/io/opentelemetry/opentelemetry-extension-incubator/1.26.0-alpha/opentelemetry-extension-incubator-1.26.0-alpha.jar:/Users/eyyupguzel/.m2/repository/io/opentelemetry/opentelemetry-sdk-logs/1.26.0-alpha/opentelemetry-sdk-logs-1.26.0-alpha.jar:/Users/eyyupguzel/.m2/repository/io/opentelemetry/opentelemetry-api-logs/1.26.0-alpha/opentelemetry-api-logs-1.26.0-alpha.jar:/Users/eyyupguzel/.m2/repository/io/opentelemetry/opentelemetry-api-events/1.26.0-alpha/opentelemetry-api-events-1.26.0-alpha.jar:/Users/eyyupguzel/.m2/repository/io/opentelemetry/opentelemetry-sdk-common/1.26.0/opentelemetry-sdk-common-1.26.0.jar:/Users/eyyupguzel/.m2/repository/io/opentelemetry/opentelemetry-sdk-extension-autoconfigure-spi/1.26.0/opentelemetry-sdk-extension-autoconfigure-spi-1.26.0.jar:/Users/eyyupguzel/.m2/repository/io/opentelemetry/opentelemetry-sdk-extension-autoconfigure/1.26.0-alpha/opentelemetry-sdk-extension-autoconfigure-1.26.0-alpha.jar:/Users/eyyupguzel/.m2/repository/io/opentelemetry/opentelemetry-sdk-trace/1.26.0/opentelemetry-sdk-trace-1.26.0.jar:/Users/eyyupguzel/.m2/repository/io/opentelemetry/opentelemetry-sdk/1.26.0/opentelemetry-sdk-1.26.0.jar:/Users/eyyupguzel/.m2/repository/io/opentelemetry/opentelemetry-semconv/1.26.0-alpha/opentelemetry-semconv-1.26.0-alpha.jar:/Users/eyyupguzel/.m2/repository/net/bytebuddy/byte-buddy/1.14.4/byte-buddy-1.14.4.jar:/Users/eyyupguzel/.m2/repository/org/asynchttpclient/async-http-client/2.12.3/async-http-client-2.12.3.jar:/Users/eyyupguzel/.m2/repository/org/asynchttpclient/async-http-client-netty-utils/2.12.3/async-http-client-netty-utils-2.12.3.jar:/Users/eyyupguzel/.m2/repository/io/netty/netty-codec-socks/4.1.60.Final/netty-codec-socks-4.1.60.Final.jar:/Users/eyyupguzel/.m2/repository/io/netty/netty-handler-proxy/4.1.60.Final/netty-handler-proxy-4.1.60.Final.jar:/Users/eyyupguzel/.m2/repository/io/netty/netty-transport-native-epoll/4.1.60.Final/netty-transport-native-epoll-4.1.60.Final-linux-x86_64.jar:/Users/eyyupguzel/.m2/repository/io/netty/netty-transport-native-kqueue/4.1.60.Final/netty-transport-native-kqueue-4.1.60.Final-osx-x86_64.jar:/Users/eyyupguzel/.m2/repository/org/reactivestreams/reactive-streams/1.0.3/reactive-streams-1.0.3.jar:/Users/eyyupguzel/.m2/repository/com/typesafe/netty/netty-reactive-streams/2.0.4/netty-reactive-streams-2.0.4.jar:/Users/eyyupguzel/.m2/repository/com/sun/activation/jakarta.activation/1.2.2/jakarta.activation-1.2.2.jar:/Users/eyyupguzel/.m2/repository/org/seleniumhq/selenium/selenium-safari-driver/4.11.0/selenium-safari-driver-4.11.0.jar:/Users/eyyupguzel/.m2/repository/org/seleniumhq/selenium/selenium-support/4.11.0/selenium-support-4.11.0.jar:/Users/eyyupguzel/.m2/repository/org/apache/poi/poi/5.2.3/poi-5.2.3.jar:/Users/eyyupguzel/.m2/repository/commons-codec/commons-codec/1.15/commons-codec-1.15.jar:/Users/eyyupguzel/.m2/repository/org/apache/commons/commons-collections4/4.4/commons-collections4-4.4.jar:/Users/eyyupguzel/.m2/repository/org/apache/commons/commons-math3/3.6.1/commons-math3-3.6.1.jar:/Users/eyyupguzel/.m2/repository/commons-io/commons-io/2.11.0/commons-io-2.11.0.jar:/Users/eyyupguzel/.m2/repository/com/zaxxer/SparseBitSet/1.2/SparseBitSet-1.2.jar:/Users/eyyupguzel/.m2/repository/io/github/bonigarcia/webdrivermanager/5.5.3/webdrivermanager-5.5.3.jar:/Users/eyyupguzel/.m2/repository/com/github/docker-java/docker-java/3.3.3/docker-java-3.3.3.jar:/Users/eyyupguzel/.m2/repository/com/github/docker-java/docker-java-core/3.3.3/docker-java-core-3.3.3.jar:/Users/eyyupguzel/.m2/repository/com/github/docker-java/docker-java-api/3.3.3/docker-java-api-3.3.3.jar:/Users/eyyupguzel/.m2/repository/com/fasterxml/jackson/core/jackson-annotations/2.10.3/jackson-annotations-2.10.3.jar:/Users/eyyupguzel/.m2/repository/com/fasterxml/jackson/core/jackson-databind/2.10.3/jackson-databind-2.10.3.jar:/Users/eyyupguzel/.m2/repository/com/fasterxml/jackson/core/jackson-core/2.10.3/jackson-core-2.10.3.jar:/Users/eyyupguzel/.m2/repository/org/bouncycastle/bcpkix-jdk18on/1.75/bcpkix-jdk18on-1.75.jar:/Users/eyyupguzel/.m2/repository/org/bouncycastle/bcprov-jdk18on/1.75/bcprov-jdk18on-1.75.jar:/Users/eyyupguzel/.m2/repository/org/bouncycastle/bcutil-jdk18on/1.75/bcutil-jdk18on-1.75.jar:/Users/eyyupguzel/.m2/repository/org/slf4j/jcl-over-slf4j/1.7.30/jcl-over-slf4j-1.7.30.jar:/Users/eyyupguzel/.m2/repository/com/github/docker-java/docker-java-transport-httpclient5/3.3.3/docker-java-transport-httpclient5-3.3.3.jar:/Users/eyyupguzel/.m2/repository/com/github/docker-java/docker-java-transport/3.3.3/docker-java-transport-3.3.3.jar:/Users/eyyupguzel/.m2/repository/net/java/dev/jna/jna/5.12.1/jna-5.12.1.jar:/Users/eyyupguzel/.m2/repository/org/brotli/dec/0.1.2/dec-0.1.2.jar:/Users/eyyupguzel/.m2/repository/org/apache/commons/commons-lang3/3.13.0/commons-lang3-3.13.0.jar:/Users/eyyupguzel/.m2/repository/org/apache/httpcomponents/client5/httpclient5/5.2.1/httpclient5-5.2.1.jar:/Users/eyyupguzel/.m2/repository/org/apache/httpcomponents/core5/httpcore5/5.2/httpcore5-5.2.jar:/Users/eyyupguzel/.m2/repository/org/apache/httpcomponents/core5/httpcore5-h2/5.2/httpcore5-h2-5.2.jar:/Users/eyyupguzel/.m2/repository/com/jayway/jsonpath/json-path/2.7.0/json-path-2.7.0.jar:/Users/eyyupguzel/.m2/repository/net/minidev/json-smart/2.4.7/json-smart-2.4.7.jar:/Users/eyyupguzel/.m2/repository/net/minidev/accessors-smart/2.4.7/accessors-smart-2.4.7.jar:/Users/eyyupguzel/.m2/repository/org/ow2/asm/asm/9.1/asm-9.1.jar:/Users/eyyupguzel/.m2/repository/io/cucumber/gherkin/22.0.0/gherkin-22.0.0.jar:/Users/eyyupguzel/.m2/repository/org/json/json/20220924/json-20220924.jar:/Users/eyyupguzel/.m2/repository/com/sikulix/sikulixapi/2.0.4/sikulixapi-2.0.4.jar:/Users/eyyupguzel/.m2/repository/com/sikulix/sikulix2tigervnc/1.1.4/sikulix2tigervnc-1.1.4.jar:/Users/eyyupguzel/.m2/repository/commons-cli/commons-cli/1.4/commons-cli-1.4.jar:/Users/eyyupguzel/.m2/repository/org/apache/commons/commons-exec/1.3/commons-exec-1.3.jar:/Users/eyyupguzel/.m2/repository/net/java/dev/jna/jna-platform/5.4.0/jna-platform-5.4.0.jar:/Users/eyyupguzel/.m2/repository/net/oneandone/reflections8/reflections8/0.11.6/reflections8-0.11.6.jar:/Users/eyyupguzel/.m2/repository/org/javassist/javassist/3.22.0-GA/javassist-3.22.0-GA.jar:/Users/eyyupguzel/.m2/repository/net/sourceforge/tess4j/tess4j/4.4.1/tess4j-4.4.1.jar:/Users/eyyupguzel/.m2/repository/com/github/jai-imageio/jai-imageio-core/1.4.0/jai-imageio-core-1.4.0.jar:/Users/eyyupguzel/.m2/repository/org/ghost4j/ghost4j/1.0.1/ghost4j-1.0.1.jar:/Users/eyyupguzel/.m2/repository/log4j/log4j/1.2.17/log4j-1.2.17.jar:/Users/eyyupguzel/.m2/repository/commons-beanutils/commons-beanutils/1.9.2/commons-beanutils-1.9.2.jar:/Users/eyyupguzel/.m2/repository/commons-collections/commons-collections/3.2.1/commons-collections-3.2.1.jar:/Users/eyyupguzel/.m2/repository/org/apache/xmlgraphics/xmlgraphics-commons/1.4/xmlgraphics-commons-1.4.jar:/Users/eyyupguzel/.m2/repository/com/lowagie/itext/2.1.7/itext-2.1.7.jar:/Users/eyyupguzel/.m2/repository/org/apache/pdfbox/pdfbox/2.0.17/pdfbox-2.0.17.jar:/Users/eyyupguzel/.m2/repository/org/apache/pdfbox/fontbox/2.0.17/fontbox-2.0.17.jar:/Users/eyyupguzel/.m2/repository/org/apache/pdfbox/pdfbox-tools/2.0.17/pdfbox-tools-2.0.17.jar:/Users/eyyupguzel/.m2/repository/org/apache/pdfbox/pdfbox-debugger/2.0.17/pdfbox-debugger-2.0.17.jar:/Users/eyyupguzel/.m2/repository/org/apache/pdfbox/jbig2-imageio/3.0.2/jbig2-imageio-3.0.2.jar:/Users/eyyupguzel/.m2/repository/net/sourceforge/lept4j/lept4j/1.12.3/lept4j-1.12.3.jar:/Users/eyyupguzel/.m2/repository/org/jboss/jboss-vfs/3.2.14.Final/jboss-vfs-3.2.14.Final.jar:/Users/eyyupguzel/.m2/repository/org/jboss/logging/jboss-logging/3.1.4.GA/jboss-logging-3.1.4.GA.jar:/Users/eyyupguzel/.m2/repository/org/slf4j/jul-to-slf4j/1.7.28/jul-to-slf4j-1.7.28.jar:/Users/eyyupguzel/.m2/repository/org/slf4j/log4j-over-slf4j/1.7.28/log4j-over-slf4j-1.7.28.jar:/Users/eyyupguzel/.m2/repository/org/slf4j/slf4j-nop/1.7.28/slf4j-nop-1.7.28.jar:/Users/eyyupguzel/.m2/repository/org/openpnp/opencv/4.5.1-1/opencv-4.5.1-1.jar:/Users/eyyupguzel/.m2/repository/org/apache/poi/poi-ooxml/5.2.3/poi-ooxml-5.2.3.jar:/Users/eyyupguzel/.m2/repository/org/apache/xmlbeans/xmlbeans/5.1.1/xmlbeans-5.1.1.jar:/Users/eyyupguzel/.m2/repository/org/apache/commons/commons-compress/1.21/commons-compress-1.21.jar:/Users/eyyupguzel/.m2/repository/com/github/virtuald/curvesapi/1.07/curvesapi-1.07.jar:/Users/eyyupguzel/.m2/repository/org/apache/poi/poi-ooxml-lite/5.2.3/poi-ooxml-lite-5.2.3.jar:/Users/eyyupguzel/.m2/repository/org/apache/maven/surefire/surefire-testng-utils/2.22.0/surefire-testng-utils-2.22.0.jar:/Users/eyyupguzel/.m2/repository/org/apache/maven/surefire/surefire-grouper/2.22.0/surefire-grouper-2.22.0.jar:"/>
    <property name="sun.cpu.endian" value="little"/>
    <property name="user.home" value="/Users/eyyupguzel"/>
    <property name="user.language" value="en"/>
    <property name="java.specification.vendor" value="Oracle Corporation"/>
    <property name="java.version.date" value="2023-09-19"/>
    <property name="java.home" value="/Users/eyyupguzel/Library/Java/JavaVirtualMachines/openjdk-21/Contents/Home"/>
    <property name="file.separator" value="/"/>
    <property name="basedir" value="/Users/eyyupguzel/Downloads/feature-prb"/>
    <property name="java.vm.compressedOopsMode" value="Zero based"/>
    <property name="line.separator" value="&#10;"/>
    <property name="java.vm.specification.vendor" value="Oracle Corporation"/>
    <property name="java.specification.name" value="Java Platform API Specification"/>
    <property name="apple.awt.application.name" value="ForkedBooter"/>
    <property name="surefire.real.class.path" value="/Users/eyyupguzel/Downloads/feature-prb/target/surefire/surefirebooter4160024038010973614.jar"/>
    <property name="sun.management.compiler" value="HotSpot 64-Bit Tiered Compilers"/>
    <property name="ftp.nonProxyHosts" value="local|*.local|169.254/16|*.169.254/16"/>
    <property name="java.runtime.version" value="21+35-2513"/>
    <property name="user.name" value="eyyupguzel"/>
    <property name="stdout.encoding" value="UTF-8"/>
    <property name="path.separator" value=":"/>
    <property name="os.version" value="14.0"/>
    <property name="java.runtime.name" value="OpenJDK Runtime Environment"/>
    <property name="file.encoding" value="UTF-8"/>
    <property name="java.vm.name" value="OpenJDK 64-Bit Server VM"/>
    <property name="localRepository" value="/Users/eyyupguzel/.m2/repository"/>
    <property name="java.vendor.url.bug" value="https://bugreport.java.com/bugreport/"/>
    <property name="java.io.tmpdir" value="/var/folders/nv/qz_ylr8n39v8srxjp8qpllmm0000gn/T/"/>
    <property name="idea.version" value="2023.1.1"/>
    <property name="java.version" value="21"/>
    <property name="user.dir" value="/Users/eyyupguzel/Downloads/feature-prb"/>
    <property name="os.arch" value="aarch64"/>
    <property name="java.vm.specification.name" value="Java Virtual Machine Specification"/>
    <property name="native.encoding" value="UTF-8"/>
    <property name="java.library.path" value="/Users/eyyupguzel/Library/Java/Extensions:/Library/Java/Extensions:/Network/Library/Java/Extensions:/System/Library/Java/Extensions:/usr/lib/java:."/>
    <property name="java.vm.info" value="mixed mode, sharing"/>
    <property name="stderr.encoding" value="UTF-8"/>
    <property name="java.vendor" value="Oracle Corporation"/>
    <property name="java.vm.version" value="21+35-2513"/>
    <property name="sun.io.unicode.encoding" value="UnicodeBig"/>
    <property name="socksNonProxyHosts" value="local|*.local|169.254/16|*.169.254/16"/>
    <property name="java.class.version" value="65.0"/>
  </properties>
  <testcase name="runScenario" classname="options.TestRunner" time="0.387">
    <failure type="java.lang.AssertionError">java.lang.AssertionError
</failure>
    <system-out><![CDATA[
@test
Scenario: Binance - Tüm Kriptoların 24s Hacmine Göre Bilgilerinin Excele Aktarılması &amp#27;[90m# src/test/resources/features/paribuTest.feature:4&amp#27;[0m
2023-12-17 22:01:14 INFO  helpers.ui.DriverHelper.<init>:30 - 	 Driver - Driver constructor working and TestConfig called
  &amp#27;[31mGiven &amp#27;[0m&amp#27;[31mgo to &amp#27;[0m&amp#27;[31m&amp#27;[1mparibuTest&amp#27;[0m&amp#27;[31m page with &amp#27;[0m&amp#27;[31m&amp#27;[1mChrome&amp#27;[0m                                            &amp#27;[90m# stepdefs.ui.UiBaseStepDefs.goToPage(java.lang.String,java.lang.String)&amp#27;[0m
      &amp#27;[31mjava.lang.AssertionError
	at helpers.ui.UiHelper.<init>(UiHelper.java:31)
	at java.base/jdk.internal.reflect.DirectConstructorHandleAccessor.newInstance(DirectConstructorHandleAccessor.java:62)
	at java.base/java.lang.reflect.Constructor.newInstanceWithCaller(Constructor.java:502)
	at java.base/java.lang.reflect.Constructor.newInstance(Constructor.java:486)
	at org.picocontainer.injectors.AbstractInjector.newInstance(AbstractInjector.java:145)
	at org.picocontainer.injectors.ConstructorInjector$1.run(ConstructorInjector.java:342)
	at org.picocontainer.injectors.AbstractInjector$ThreadLocalCyclicDependencyGuard.observe(AbstractInjector.java:270)
	at org.picocontainer.injectors.ConstructorInjector.getComponentInstance(ConstructorInjector.java:364)
	at org.picocontainer.injectors.AbstractInjectionFactory$LifecycleAdapter.getComponentInstance(AbstractInjectionFactory.java:56)
	at org.picocontainer.behaviors.AbstractBehavior.getComponentInstance(AbstractBehavior.java:64)
	at org.picocontainer.behaviors.Stored.getComponentInstance(Stored.java:91)
	at org.picocontainer.DefaultPicoContainer.getInstance(DefaultPicoContainer.java:699)
	at org.picocontainer.DefaultPicoContainer.getComponent(DefaultPicoContainer.java:647)
	at org.picocontainer.DefaultPicoContainer.getComponent(DefaultPicoContainer.java:632)
	at org.picocontainer.parameters.BasicComponentParameter$1.resolveInstance(BasicComponentParameter.java:118)
	at org.picocontainer.parameters.ComponentParameter$1.resolveInstance(ComponentParameter.java:136)
	at org.picocontainer.injectors.SingleMemberInjector.getParameter(SingleMemberInjector.java:78)
	at org.picocontainer.injectors.ConstructorInjector$CtorAndAdapters.getParameterArguments(ConstructorInjector.java:309)
	at org.picocontainer.injectors.ConstructorInjector$1.run(ConstructorInjector.java:335)
	at org.picocontainer.injectors.AbstractInjector$ThreadLocalCyclicDependencyGuard.observe(AbstractInjector.java:270)
	at org.picocontainer.injectors.ConstructorInjector.getComponentInstance(ConstructorInjector.java:364)
	at org.picocontainer.injectors.AbstractInjectionFactory$LifecycleAdapter.getComponentInstance(AbstractInjectionFactory.java:56)
	at org.picocontainer.behaviors.AbstractBehavior.getComponentInstance(AbstractBehavior.java:64)
	at org.picocontainer.behaviors.Stored.getComponentInstance(Stored.java:91)
	at org.picocontainer.DefaultPicoContainer.getInstance(DefaultPicoContainer.java:699)
	at org.picocontainer.DefaultPicoContainer.getComponent(DefaultPicoContainer.java:647)
	at org.picocontainer.DefaultPicoContainer.getComponent(DefaultPicoContainer.java:678)
	at io.cucumber.picocontainer.PicoFactory.getInstance(PicoFactory.java:49)
	at io.cucumber.java.AbstractGlueDefinition.invokeMethod(AbstractGlueDefinition.java:47)
	at io.cucumber.java.JavaStepDefinition.execute(JavaStepDefinition.java:29)
	at io.cucumber.core.runner.CoreStepDefinition.execute(CoreStepDefinition.java:66)
	at io.cucumber.core.runner.PickleStepDefinitionMatch.runStep(PickleStepDefinitionMatch.java:63)
	at io.cucumber.core.runner.ExecutionMode$1.execute(ExecutionMode.java:10)
	at io.cucumber.core.runner.TestStep.executeStep(TestStep.java:86)
	at io.cucumber.core.runner.TestStep.run(TestStep.java:57)
	at io.cucumber.core.runner.PickleStepTestStep.run(PickleStepTestStep.java:51)
	at io.cucumber.core.runner.TestCase.run(TestCase.java:95)
	at io.cucumber.core.runner.Runner.runPickle(Runner.java:75)
	at io.cucumber.testng.TestNGCucumberRunner.lambda$runScenario$1(TestNGCucumberRunner.java:132)
	at io.cucumber.core.runtime.CucumberExecutionContext.lambda$runTestCase$3(CucumberExecutionContext.java:110)
	at io.cucumber.core.runtime.RethrowingThrowableCollector.executeAndThrow(RethrowingThrowableCollector.java:23)
	at io.cucumber.core.runtime.CucumberExecutionContext.runTestCase(CucumberExecutionContext.java:110)
	at io.cucumber.testng.TestNGCucumberRunner.runScenario(TestNGCucumberRunner.java:129)
	at io.cucumber.testng.AbstractTestNGCucumberTests.runScenario(AbstractTestNGCucumberTests.java:35)
	at java.base/jdk.internal.reflect.DirectMethodHandleAccessor.invoke(DirectMethodHandleAccessor.java:103)
	at java.base/java.lang.reflect.Method.invoke(Method.java:580)
	at org.testng.internal.invokers.MethodInvocationHelper.invokeMethod(MethodInvocationHelper.java:139)
	at org.testng.internal.invokers.TestInvoker.invokeMethod(TestInvoker.java:677)
	at org.testng.internal.invokers.TestInvoker.invokeTestMethod(TestInvoker.java:221)
	at org.testng.internal.invokers.MethodRunner.runInSequence(MethodRunner.java:50)
	at org.testng.internal.invokers.TestInvoker$MethodInvocationAgent.invoke(TestInvoker.java:969)
	at org.testng.internal.invokers.TestInvoker.invokeTestMethods(TestInvoker.java:194)
	at org.testng.internal.invokers.TestMethodWorker.invokeTestMethods(TestMethodWorker.java:148)
	at org.testng.internal.invokers.TestMethodWorker.run(TestMethodWorker.java:128)
	at java.base/java.util.ArrayList.forEach(ArrayList.java:1596)
	at org.testng.TestRunner.privateRun(TestRunner.java:829)
	at org.testng.TestRunner.run(TestRunner.java:602)
	at org.testng.SuiteRunner.runTest(SuiteRunner.java:437)
	at org.testng.SuiteRunner.runSequentially(SuiteRunner.java:431)
	at org.testng.SuiteRunner.privateRun(SuiteRunner.java:391)
	at org.testng.SuiteRunner.run(SuiteRunner.java:330)
	at org.testng.SuiteRunnerWorker.runSuite(SuiteRunnerWorker.java:52)
	at org.testng.SuiteRunnerWorker.run(SuiteRunnerWorker.java:95)
	at org.testng.TestNG.runSuitesSequentially(TestNG.java:1256)
	at org.testng.TestNG.runSuitesLocally(TestNG.java:1176)
	at org.testng.TestNG.runSuites(TestNG.java:1099)
	at org.testng.TestNG.run(TestNG.java:1067)
	at org.apache.maven.surefire.testng.TestNGExecutor.run(TestNGExecutor.java:135)
	at org.apache.maven.surefire.testng.TestNGDirectoryTestSuite.executeSingleClass(TestNGDirectoryTestSuite.java:112)
	at org.apache.maven.surefire.testng.TestNGDirectoryTestSuite.execute(TestNGDirectoryTestSuite.java:99)
	at org.apache.maven.surefire.testng.TestNGProvider.invoke(TestNGProvider.java:146)
	at org.apache.maven.surefire.booter.ForkedBooter.invokeProviderInSameClassLoader(ForkedBooter.java:383)
	at org.apache.maven.surefire.booter.ForkedBooter.runSuitesInProcess(ForkedBooter.java:344)
	at org.apache.maven.surefire.booter.ForkedBooter.execute(ForkedBooter.java:125)
	at org.apache.maven.surefire.booter.ForkedBooter.main(ForkedBooter.java:417)
&amp#27;[0m
  &amp#27;[36m* &amp#27;[0m&amp#27;[36mi &amp#27;[0m&amp#27;[36m&amp#27;[1mwaitIfOpenAgain&amp#27;[0m&amp#27;[36m element &amp#27;[0m&amp#27;[36m&amp#27;[1mallert&amp#27;[0m                                                 &amp#27;[90m# stepdefs.ui.UiBaseStepDefs.elementAction(java.lang.String,java.lang.String)&amp#27;[0m
  &amp#27;[36mWhen &amp#27;[0m&amp#27;[36mi &amp#27;[0m&amp#27;[36m&amp#27;[1mclick&amp#27;[0m&amp#27;[36m element &amp#27;[0m&amp#27;[36m&amp#27;[1mallert&amp#27;[0m                                                        &amp#27;[90m# stepdefs.ui.UiBaseStepDefs.elementAction(java.lang.String,java.lang.String)&amp#27;[0m
  &amp#27;[36m* &amp#27;[0m&amp#27;[36mi &amp#27;[0m&amp#27;[36m&amp#27;[1mclick&amp#27;[0m&amp#27;[36m element &amp#27;[0m&amp#27;[36m&amp#27;[1mpiyasalar&amp#27;[0m                                                        &amp#27;[90m# stepdefs.ui.UiBaseStepDefs.elementAction(java.lang.String,java.lang.String)&amp#27;[0m
  &amp#27;[36m* &amp#27;[0m&amp#27;[36mi &amp#27;[0m&amp#27;[36m&amp#27;[1mclick&amp#27;[0m&amp#27;[36m element &amp#27;[0m&amp#27;[36m&amp#27;[1mtumKriptolar&amp#27;[0m                                                     &amp#27;[90m# stepdefs.ui.UiBaseStepDefs.elementAction(java.lang.String,java.lang.String)&amp#27;[0m
  &amp#27;[36m* &amp#27;[0m&amp#27;[36mi &amp#27;[0m&amp#27;[36m&amp#27;[1mclick&amp#27;[0m&amp#27;[36m element &amp#27;[0m&amp#27;[36m&amp#27;[1mtumu&amp#27;[0m                                                             &amp#27;[90m# stepdefs.ui.UiBaseStepDefs.elementAction(java.lang.String,java.lang.String)&amp#27;[0m
  &amp#27;[36m* &amp#27;[0m&amp#27;[36mi &amp#27;[0m&amp#27;[36m&amp#27;[1mclick&amp#27;[0m&amp#27;[36m element &amp#27;[0m&amp#27;[36m&amp#27;[1mdegisim&amp#27;[0m                                                          &amp#27;[90m# stepdefs.ui.UiBaseStepDefs.elementAction(java.lang.String,java.lang.String)&amp#27;[0m
  &amp#27;[36m* &amp#27;[0m&amp#27;[36mi &amp#27;[0m&amp#27;[36m&amp#27;[1mclick&amp#27;[0m&amp#27;[36m element &amp#27;[0m&amp#27;[36m&amp#27;[1m24sHacim&amp#27;[0m                                                         &amp#27;[90m# stepdefs.ui.UiBaseStepDefs.elementAction(java.lang.String,java.lang.String)&amp#27;[0m
  &amp#27;[36mThen &amp#27;[0m&amp#27;[36mdaily coin info data to excel&amp#27;[0m                                                 &amp#27;[90m# stepdefs.project.ProjectStepDefs.WebPageDataToExcel()&amp#27;[0m
  &amp#27;[36m* &amp#27;[0m&amp#27;[36mdriver &amp#27;[0m&amp#27;[36m&amp#27;[1mquit&amp#27;[0m                                                                      &amp#27;[90m# stepdefs.ui.UiBaseStepDefs.driverAction(java.lang.String)&amp#27;[0m
]]></system-out>
  </testcase>
  <testcase name="runScenario" classname="options.TestRunner" time="0.013">
    <failure type="java.lang.AssertionError">java.lang.AssertionError
</failure>
    <system-out><![CDATA[
@test
Scenario: Binance - Yanlis Bilgiyle Giriş Yapmak ve Hata Almak &amp#27;[90m# src/test/resources/features/paribuTest.feature:16&amp#27;[0m
2023-12-17 22:01:14 INFO  helpers.ui.DriverHelper.<init>:30 - 	 Driver - Driver constructor working and TestConfig called
  &amp#27;[31mGiven &amp#27;[0m&amp#27;[31mgo to &amp#27;[0m&amp#27;[31m&amp#27;[1mparibuTest&amp#27;[0m&amp#27;[31m page with &amp#27;[0m&amp#27;[31m&amp#27;[1mChrome&amp#27;[0m                      &amp#27;[90m# stepdefs.ui.UiBaseStepDefs.goToPage(java.lang.String,java.lang.String)&amp#27;[0m
      &amp#27;[31mjava.lang.AssertionError
	at helpers.ui.UiHelper.<init>(UiHelper.java:31)
	at java.base/jdk.internal.reflect.DirectConstructorHandleAccessor.newInstance(DirectConstructorHandleAccessor.java:62)
	at java.base/java.lang.reflect.Constructor.newInstanceWithCaller(Constructor.java:502)
	at java.base/java.lang.reflect.Constructor.newInstance(Constructor.java:486)
	at org.picocontainer.injectors.AbstractInjector.newInstance(AbstractInjector.java:145)
	at org.picocontainer.injectors.ConstructorInjector$1.run(ConstructorInjector.java:342)
	at org.picocontainer.injectors.AbstractInjector$ThreadLocalCyclicDependencyGuard.observe(AbstractInjector.java:270)
	at org.picocontainer.injectors.ConstructorInjector.getComponentInstance(ConstructorInjector.java:364)
	at org.picocontainer.injectors.AbstractInjectionFactory$LifecycleAdapter.getComponentInstance(AbstractInjectionFactory.java:56)
	at org.picocontainer.behaviors.AbstractBehavior.getComponentInstance(AbstractBehavior.java:64)
	at org.picocontainer.behaviors.Stored.getComponentInstance(Stored.java:91)
	at org.picocontainer.DefaultPicoContainer.getInstance(DefaultPicoContainer.java:699)
	at org.picocontainer.DefaultPicoContainer.getComponent(DefaultPicoContainer.java:647)
	at org.picocontainer.DefaultPicoContainer.getComponent(DefaultPicoContainer.java:632)
	at org.picocontainer.parameters.BasicComponentParameter$1.resolveInstance(BasicComponentParameter.java:118)
	at org.picocontainer.parameters.ComponentParameter$1.resolveInstance(ComponentParameter.java:136)
	at org.picocontainer.injectors.SingleMemberInjector.getParameter(SingleMemberInjector.java:78)
	at org.picocontainer.injectors.ConstructorInjector$CtorAndAdapters.getParameterArguments(ConstructorInjector.java:309)
	at org.picocontainer.injectors.ConstructorInjector$1.run(ConstructorInjector.java:335)
	at org.picocontainer.injectors.AbstractInjector$ThreadLocalCyclicDependencyGuard.observe(AbstractInjector.java:270)
	at org.picocontainer.injectors.ConstructorInjector.getComponentInstance(ConstructorInjector.java:364)
	at org.picocontainer.injectors.AbstractInjectionFactory$LifecycleAdapter.getComponentInstance(AbstractInjectionFactory.java:56)
	at org.picocontainer.behaviors.AbstractBehavior.getComponentInstance(AbstractBehavior.java:64)
	at org.picocontainer.behaviors.Stored.getComponentInstance(Stored.java:91)
	at org.picocontainer.DefaultPicoContainer.getInstance(DefaultPicoContainer.java:699)
	at org.picocontainer.DefaultPicoContainer.getComponent(DefaultPicoContainer.java:647)
	at org.picocontainer.DefaultPicoContainer.getComponent(DefaultPicoContainer.java:678)
	at io.cucumber.picocontainer.PicoFactory.getInstance(PicoFactory.java:49)
	at io.cucumber.java.AbstractGlueDefinition.invokeMethod(AbstractGlueDefinition.java:47)
	at io.cucumber.java.JavaStepDefinition.execute(JavaStepDefinition.java:29)
	at io.cucumber.core.runner.CoreStepDefinition.execute(CoreStepDefinition.java:66)
	at io.cucumber.core.runner.PickleStepDefinitionMatch.runStep(PickleStepDefinitionMatch.java:63)
	at io.cucumber.core.runner.ExecutionMode$1.execute(ExecutionMode.java:10)
	at io.cucumber.core.runner.TestStep.executeStep(TestStep.java:86)
	at io.cucumber.core.runner.TestStep.run(TestStep.java:57)
	at io.cucumber.core.runner.PickleStepTestStep.run(PickleStepTestStep.java:51)
	at io.cucumber.core.runner.TestCase.run(TestCase.java:95)
	at io.cucumber.core.runner.Runner.runPickle(Runner.java:75)
	at io.cucumber.testng.TestNGCucumberRunner.lambda$runScenario$1(TestNGCucumberRunner.java:132)
	at io.cucumber.core.runtime.CucumberExecutionContext.lambda$runTestCase$3(CucumberExecutionContext.java:110)
	at io.cucumber.core.runtime.RethrowingThrowableCollector.executeAndThrow(RethrowingThrowableCollector.java:23)
	at io.cucumber.core.runtime.CucumberExecutionContext.runTestCase(CucumberExecutionContext.java:110)
	at io.cucumber.testng.TestNGCucumberRunner.runScenario(TestNGCucumberRunner.java:129)
	at io.cucumber.testng.AbstractTestNGCucumberTests.runScenario(AbstractTestNGCucumberTests.java:35)
	at java.base/jdk.internal.reflect.DirectMethodHandleAccessor.invoke(DirectMethodHandleAccessor.java:103)
	at java.base/java.lang.reflect.Method.invoke(Method.java:580)
	at org.testng.internal.invokers.MethodInvocationHelper.invokeMethod(MethodInvocationHelper.java:139)
	at org.testng.internal.invokers.TestInvoker.invokeMethod(TestInvoker.java:677)
	at org.testng.internal.invokers.TestInvoker.invokeTestMethod(TestInvoker.java:221)
	at org.testng.internal.invokers.MethodRunner.runInSequence(MethodRunner.java:50)
	at org.testng.internal.invokers.TestInvoker$MethodInvocationAgent.invoke(TestInvoker.java:969)
	at org.testng.internal.invokers.TestInvoker.invokeTestMethods(TestInvoker.java:194)
	at org.testng.internal.invokers.TestMethodWorker.invokeTestMethods(TestMethodWorker.java:148)
	at org.testng.internal.invokers.TestMethodWorker.run(TestMethodWorker.java:128)
	at java.base/java.util.ArrayList.forEach(ArrayList.java:1596)
	at org.testng.TestRunner.privateRun(TestRunner.java:829)
	at org.testng.TestRunner.run(TestRunner.java:602)
	at org.testng.SuiteRunner.runTest(SuiteRunner.java:437)
	at org.testng.SuiteRunner.runSequentially(SuiteRunner.java:431)
	at org.testng.SuiteRunner.privateRun(SuiteRunner.java:391)
	at org.testng.SuiteRunner.run(SuiteRunner.java:330)
	at org.testng.SuiteRunnerWorker.runSuite(SuiteRunnerWorker.java:52)
	at org.testng.SuiteRunnerWorker.run(SuiteRunnerWorker.java:95)
	at org.testng.TestNG.runSuitesSequentially(TestNG.java:1256)
	at org.testng.TestNG.runSuitesLocally(TestNG.java:1176)
	at org.testng.TestNG.runSuites(TestNG.java:1099)
	at org.testng.TestNG.run(TestNG.java:1067)
	at org.apache.maven.surefire.testng.TestNGExecutor.run(TestNGExecutor.java:135)
	at org.apache.maven.surefire.testng.TestNGDirectoryTestSuite.executeSingleClass(TestNGDirectoryTestSuite.java:112)
	at org.apache.maven.surefire.testng.TestNGDirectoryTestSuite.execute(TestNGDirectoryTestSuite.java:99)
	at org.apache.maven.surefire.testng.TestNGProvider.invoke(TestNGProvider.java:146)
	at org.apache.maven.surefire.booter.ForkedBooter.invokeProviderInSameClassLoader(ForkedBooter.java:383)
	at org.apache.maven.surefire.booter.ForkedBooter.runSuitesInProcess(ForkedBooter.java:344)
	at org.apache.maven.surefire.booter.ForkedBooter.execute(ForkedBooter.java:125)
	at org.apache.maven.surefire.booter.ForkedBooter.main(ForkedBooter.java:417)
&amp#27;[0m
  &amp#27;[36m* &amp#27;[0m&amp#27;[36mi &amp#27;[0m&amp#27;[36m&amp#27;[1mwaitIfOpenAgain&amp#27;[0m&amp#27;[36m element &amp#27;[0m&amp#27;[36m&amp#27;[1mallert&amp#27;[0m                           &amp#27;[90m# stepdefs.ui.UiBaseStepDefs.elementAction(java.lang.String,java.lang.String)&amp#27;[0m
  &amp#27;[36mWhen &amp#27;[0m&amp#27;[36mi &amp#27;[0m&amp#27;[36m&amp#27;[1mclick&amp#27;[0m&amp#27;[36m element &amp#27;[0m&amp#27;[36m&amp#27;[1mallert&amp#27;[0m                                  &amp#27;[90m# stepdefs.ui.UiBaseStepDefs.elementAction(java.lang.String,java.lang.String)&amp#27;[0m
  &amp#27;[36mWhen &amp#27;[0m&amp#27;[36mi &amp#27;[0m&amp#27;[36m&amp#27;[1mhover&amp#27;[0m&amp#27;[36m element &amp#27;[0m&amp#27;[36m&amp#27;[1mal-sat&amp#27;[0m                                  &amp#27;[90m# stepdefs.ui.UiBaseStepDefs.elementAction(java.lang.String,java.lang.String)&amp#27;[0m
  &amp#27;[36m* &amp#27;[0m&amp#27;[36mi &amp#27;[0m&amp#27;[36m&amp#27;[1mclick&amp#27;[0m&amp#27;[36m element &amp#27;[0m&amp#27;[36m&amp#27;[1mspot&amp#27;[0m                                       &amp#27;[90m# stepdefs.ui.UiBaseStepDefs.elementAction(java.lang.String,java.lang.String)&amp#27;[0m
  &amp#27;[36m* &amp#27;[0m&amp#27;[36mi &amp#27;[0m&amp#27;[36m&amp#27;[1mclick&amp#27;[0m&amp#27;[36m element &amp#27;[0m&amp#27;[36m&amp#27;[1mgirisYap&amp#27;[0m                                   &amp#27;[90m# stepdefs.ui.UiBaseStepDefs.elementAction(java.lang.String,java.lang.String)&amp#27;[0m
  &amp#27;[36m* &amp#27;[0m&amp#27;[36msend keys &amp#27;[0m&amp#27;[36m&amp#27;[1meypgzlpaributest&amp#27;[0m&amp#27;[36m to element &amp#27;[0m&amp#27;[36m&amp#27;[1musername&amp#27;[0m             &amp#27;[90m# stepdefs.ui.UiBaseStepDefs.sendKeysAction(java.lang.String,java.lang.String)&amp#27;[0m
  &amp#27;[36m* &amp#27;[0m&amp#27;[36mi &amp#27;[0m&amp#27;[36m&amp#27;[1mclick&amp#27;[0m&amp#27;[36m element &amp#27;[0m&amp#27;[36m&amp#27;[1mileri&amp#27;[0m                                      &amp#27;[90m# stepdefs.ui.UiBaseStepDefs.elementAction(java.lang.String,java.lang.String)&amp#27;[0m
  &amp#27;[36mThen &amp#27;[0m&amp#27;[36mi &amp#27;[0m&amp#27;[36m&amp#27;[1misVisible&amp#27;[0m&amp#27;[36m element &amp#27;[0m&amp#27;[36m&amp#27;[1merror&amp#27;[0m                               &amp#27;[90m# stepdefs.ui.UiBaseStepDefs.elementAction(java.lang.String,java.lang.String)&amp#27;[0m
  &amp#27;[36m* &amp#27;[0m&amp#27;[36mdriver &amp#27;[0m&amp#27;[36m&amp#27;[1mquit&amp#27;[0m                                                &amp#27;[90m# stepdefs.ui.UiBaseStepDefs.driverAction(java.lang.String)&amp#27;[0m
]]></system-out>
  </testcase>
  <testcase name="runScenario" classname="options.TestRunner" time="0.008">
    <failure type="java.lang.AssertionError">java.lang.AssertionError
</failure>
    <system-out><![CDATA[
@test
Scenario: Binance - Yanlis Bilgiyle Giriş Yapmak ve Hata Almak - Firefox &amp#27;[90m# src/test/resources/features/paribuTest.feature:28&amp#27;[0m
2023-12-17 22:01:14 INFO  helpers.ui.DriverHelper.<init>:30 - 	 Driver - Driver constructor working and TestConfig called
  &amp#27;[31mGiven &amp#27;[0m&amp#27;[31mgo to &amp#27;[0m&amp#27;[31m&amp#27;[1mparibuTest&amp#27;[0m&amp#27;[31m page with &amp#27;[0m&amp#27;[31m&amp#27;[1mFirefox&amp#27;[0m                               &amp#27;[90m# stepdefs.ui.UiBaseStepDefs.goToPage(java.lang.String,java.lang.String)&amp#27;[0m
      &amp#27;[31mjava.lang.AssertionError
	at helpers.ui.UiHelper.<init>(UiHelper.java:31)
	at java.base/jdk.internal.reflect.DirectConstructorHandleAccessor.newInstance(DirectConstructorHandleAccessor.java:62)
	at java.base/java.lang.reflect.Constructor.newInstanceWithCaller(Constructor.java:502)
	at java.base/java.lang.reflect.Constructor.newInstance(Constructor.java:486)
	at org.picocontainer.injectors.AbstractInjector.newInstance(AbstractInjector.java:145)
	at org.picocontainer.injectors.ConstructorInjector$1.run(ConstructorInjector.java:342)
	at org.picocontainer.injectors.AbstractInjector$ThreadLocalCyclicDependencyGuard.observe(AbstractInjector.java:270)
	at org.picocontainer.injectors.ConstructorInjector.getComponentInstance(ConstructorInjector.java:364)
	at org.picocontainer.injectors.AbstractInjectionFactory$LifecycleAdapter.getComponentInstance(AbstractInjectionFactory.java:56)
	at org.picocontainer.behaviors.AbstractBehavior.getComponentInstance(AbstractBehavior.java:64)
	at org.picocontainer.behaviors.Stored.getComponentInstance(Stored.java:91)
	at org.picocontainer.DefaultPicoContainer.getInstance(DefaultPicoContainer.java:699)
	at org.picocontainer.DefaultPicoContainer.getComponent(DefaultPicoContainer.java:647)
	at org.picocontainer.DefaultPicoContainer.getComponent(DefaultPicoContainer.java:632)
	at org.picocontainer.parameters.BasicComponentParameter$1.resolveInstance(BasicComponentParameter.java:118)
	at org.picocontainer.parameters.ComponentParameter$1.resolveInstance(ComponentParameter.java:136)
	at org.picocontainer.injectors.SingleMemberInjector.getParameter(SingleMemberInjector.java:78)
	at org.picocontainer.injectors.ConstructorInjector$CtorAndAdapters.getParameterArguments(ConstructorInjector.java:309)
	at org.picocontainer.injectors.ConstructorInjector$1.run(ConstructorInjector.java:335)
	at org.picocontainer.injectors.AbstractInjector$ThreadLocalCyclicDependencyGuard.observe(AbstractInjector.java:270)
	at org.picocontainer.injectors.ConstructorInjector.getComponentInstance(ConstructorInjector.java:364)
	at org.picocontainer.injectors.AbstractInjectionFactory$LifecycleAdapter.getComponentInstance(AbstractInjectionFactory.java:56)
	at org.picocontainer.behaviors.AbstractBehavior.getComponentInstance(AbstractBehavior.java:64)
	at org.picocontainer.behaviors.Stored.getComponentInstance(Stored.java:91)
	at org.picocontainer.DefaultPicoContainer.getInstance(DefaultPicoContainer.java:699)
	at org.picocontainer.DefaultPicoContainer.getComponent(DefaultPicoContainer.java:647)
	at org.picocontainer.DefaultPicoContainer.getComponent(DefaultPicoContainer.java:678)
	at io.cucumber.picocontainer.PicoFactory.getInstance(PicoFactory.java:49)
	at io.cucumber.java.AbstractGlueDefinition.invokeMethod(AbstractGlueDefinition.java:47)
	at io.cucumber.java.JavaStepDefinition.execute(JavaStepDefinition.java:29)
	at io.cucumber.core.runner.CoreStepDefinition.execute(CoreStepDefinition.java:66)
	at io.cucumber.core.runner.PickleStepDefinitionMatch.runStep(PickleStepDefinitionMatch.java:63)
	at io.cucumber.core.runner.ExecutionMode$1.execute(ExecutionMode.java:10)
	at io.cucumber.core.runner.TestStep.executeStep(TestStep.java:86)
	at io.cucumber.core.runner.TestStep.run(TestStep.java:57)
	at io.cucumber.core.runner.PickleStepTestStep.run(PickleStepTestStep.java:51)
	at io.cucumber.core.runner.TestCase.run(TestCase.java:95)
	at io.cucumber.core.runner.Runner.runPickle(Runner.java:75)
	at io.cucumber.testng.TestNGCucumberRunner.lambda$runScenario$1(TestNGCucumberRunner.java:132)
	at io.cucumber.core.runtime.CucumberExecutionContext.lambda$runTestCase$3(CucumberExecutionContext.java:110)
	at io.cucumber.core.runtime.RethrowingThrowableCollector.executeAndThrow(RethrowingThrowableCollector.java:23)
	at io.cucumber.core.runtime.CucumberExecutionContext.runTestCase(CucumberExecutionContext.java:110)
	at io.cucumber.testng.TestNGCucumberRunner.runScenario(TestNGCucumberRunner.java:129)
	at io.cucumber.testng.AbstractTestNGCucumberTests.runScenario(AbstractTestNGCucumberTests.java:35)
	at java.base/jdk.internal.reflect.DirectMethodHandleAccessor.invoke(DirectMethodHandleAccessor.java:103)
	at java.base/java.lang.reflect.Method.invoke(Method.java:580)
	at org.testng.internal.invokers.MethodInvocationHelper.invokeMethod(MethodInvocationHelper.java:139)
	at org.testng.internal.invokers.TestInvoker.invokeMethod(TestInvoker.java:677)
	at org.testng.internal.invokers.TestInvoker.invokeTestMethod(TestInvoker.java:221)
	at org.testng.internal.invokers.MethodRunner.runInSequence(MethodRunner.java:50)
	at org.testng.internal.invokers.TestInvoker$MethodInvocationAgent.invoke(TestInvoker.java:969)
	at org.testng.internal.invokers.TestInvoker.invokeTestMethods(TestInvoker.java:194)
	at org.testng.internal.invokers.TestMethodWorker.invokeTestMethods(TestMethodWorker.java:148)
	at org.testng.internal.invokers.TestMethodWorker.run(TestMethodWorker.java:128)
	at java.base/java.util.ArrayList.forEach(ArrayList.java:1596)
	at org.testng.TestRunner.privateRun(TestRunner.java:829)
	at org.testng.TestRunner.run(TestRunner.java:602)
	at org.testng.SuiteRunner.runTest(SuiteRunner.java:437)
	at org.testng.SuiteRunner.runSequentially(SuiteRunner.java:431)
	at org.testng.SuiteRunner.privateRun(SuiteRunner.java:391)
	at org.testng.SuiteRunner.run(SuiteRunner.java:330)
	at org.testng.SuiteRunnerWorker.runSuite(SuiteRunnerWorker.java:52)
	at org.testng.SuiteRunnerWorker.run(SuiteRunnerWorker.java:95)
	at org.testng.TestNG.runSuitesSequentially(TestNG.java:1256)
	at org.testng.TestNG.runSuitesLocally(TestNG.java:1176)
	at org.testng.TestNG.runSuites(TestNG.java:1099)
	at org.testng.TestNG.run(TestNG.java:1067)
	at org.apache.maven.surefire.testng.TestNGExecutor.run(TestNGExecutor.java:135)
	at org.apache.maven.surefire.testng.TestNGDirectoryTestSuite.executeSingleClass(TestNGDirectoryTestSuite.java:112)
	at org.apache.maven.surefire.testng.TestNGDirectoryTestSuite.execute(TestNGDirectoryTestSuite.java:99)
	at org.apache.maven.surefire.testng.TestNGProvider.invoke(TestNGProvider.java:146)
	at org.apache.maven.surefire.booter.ForkedBooter.invokeProviderInSameClassLoader(ForkedBooter.java:383)
	at org.apache.maven.surefire.booter.ForkedBooter.runSuitesInProcess(ForkedBooter.java:344)
	at org.apache.maven.surefire.booter.ForkedBooter.execute(ForkedBooter.java:125)
	at org.apache.maven.surefire.booter.ForkedBooter.main(ForkedBooter.java:417)
&amp#27;[0m
  &amp#27;[36m* &amp#27;[0m&amp#27;[36mi &amp#27;[0m&amp#27;[36m&amp#27;[1mwaitIfOpenAgain&amp#27;[0m&amp#27;[36m element &amp#27;[0m&amp#27;[36m&amp#27;[1mallert&amp#27;[0m                                     &amp#27;[90m# stepdefs.ui.UiBaseStepDefs.elementAction(java.lang.String,java.lang.String)&amp#27;[0m
  &amp#27;[36mWhen &amp#27;[0m&amp#27;[36mi &amp#27;[0m&amp#27;[36m&amp#27;[1mclick&amp#27;[0m&amp#27;[36m element &amp#27;[0m&amp#27;[36m&amp#27;[1mallert&amp#27;[0m                                            &amp#27;[90m# stepdefs.ui.UiBaseStepDefs.elementAction(java.lang.String,java.lang.String)&amp#27;[0m
  &amp#27;[36mWhen &amp#27;[0m&amp#27;[36mi &amp#27;[0m&amp#27;[36m&amp#27;[1mhover&amp#27;[0m&amp#27;[36m element &amp#27;[0m&amp#27;[36m&amp#27;[1mal-sat&amp#27;[0m                                            &amp#27;[90m# stepdefs.ui.UiBaseStepDefs.elementAction(java.lang.String,java.lang.String)&amp#27;[0m
  &amp#27;[36m* &amp#27;[0m&amp#27;[36mi &amp#27;[0m&amp#27;[36m&amp#27;[1mclick&amp#27;[0m&amp#27;[36m element &amp#27;[0m&amp#27;[36m&amp#27;[1mspot&amp#27;[0m                                                 &amp#27;[90m# stepdefs.ui.UiBaseStepDefs.elementAction(java.lang.String,java.lang.String)&amp#27;[0m
  &amp#27;[36m* &amp#27;[0m&amp#27;[36mi &amp#27;[0m&amp#27;[36m&amp#27;[1mclick&amp#27;[0m&amp#27;[36m element &amp#27;[0m&amp#27;[36m&amp#27;[1mgirisYap&amp#27;[0m                                             &amp#27;[90m# stepdefs.ui.UiBaseStepDefs.elementAction(java.lang.String,java.lang.String)&amp#27;[0m
  &amp#27;[36m* &amp#27;[0m&amp#27;[36msend keys &amp#27;[0m&amp#27;[36m&amp#27;[1meypgzlpaributest&amp#27;[0m&amp#27;[36m to element &amp#27;[0m&amp#27;[36m&amp#27;[1musername&amp#27;[0m                       &amp#27;[90m# stepdefs.ui.UiBaseStepDefs.sendKeysAction(java.lang.String,java.lang.String)&amp#27;[0m
  &amp#27;[36m* &amp#27;[0m&amp#27;[36mi &amp#27;[0m&amp#27;[36m&amp#27;[1mclick&amp#27;[0m&amp#27;[36m element &amp#27;[0m&amp#27;[36m&amp#27;[1mileri&amp#27;[0m                                                &amp#27;[90m# stepdefs.ui.UiBaseStepDefs.elementAction(java.lang.String,java.lang.String)&amp#27;[0m
  &amp#27;[36mThen &amp#27;[0m&amp#27;[36mi &amp#27;[0m&amp#27;[36m&amp#27;[1misVisible&amp#27;[0m&amp#27;[36m element &amp#27;[0m&amp#27;[36m&amp#27;[1merror&amp#27;[0m                                         &amp#27;[90m# stepdefs.ui.UiBaseStepDefs.elementAction(java.lang.String,java.lang.String)&amp#27;[0m
  &amp#27;[36m* &amp#27;[0m&amp#27;[36mdriver &amp#27;[0m&amp#27;[36m&amp#27;[1mquit&amp#27;[0m                                                          &amp#27;[90m# stepdefs.ui.UiBaseStepDefs.driverAction(java.lang.String)&amp#27;[0m
]]></system-out>
  </testcase>
  <testcase name="runScenario" classname="options.TestRunner" time="0.009">
    <failure type="java.lang.AssertionError">java.lang.AssertionError
</failure>
    <system-out><![CDATA[
@test
Scenario: Binance - Footerdaki Hakkımızda Altında 5 Linke Rastgele Tıklamak &amp#27;[90m# src/test/resources/features/paribuTest.feature:40&amp#27;[0m
2023-12-17 22:01:14 INFO  helpers.ui.DriverHelper.<init>:30 - 	 Driver - Driver constructor working and TestConfig called
  &amp#27;[31mGiven &amp#27;[0m&amp#27;[31mgo to &amp#27;[0m&amp#27;[31m&amp#27;[1mparibuTest&amp#27;[0m&amp#27;[31m page with &amp#27;[0m&amp#27;[31m&amp#27;[1mChrome&amp#27;[0m                                   &amp#27;[90m# stepdefs.ui.UiBaseStepDefs.goToPage(java.lang.String,java.lang.String)&amp#27;[0m
      &amp#27;[31mjava.lang.AssertionError
	at helpers.ui.UiHelper.<init>(UiHelper.java:31)
	at java.base/jdk.internal.reflect.DirectConstructorHandleAccessor.newInstance(DirectConstructorHandleAccessor.java:62)
	at java.base/java.lang.reflect.Constructor.newInstanceWithCaller(Constructor.java:502)
	at java.base/java.lang.reflect.Constructor.newInstance(Constructor.java:486)
	at org.picocontainer.injectors.AbstractInjector.newInstance(AbstractInjector.java:145)
	at org.picocontainer.injectors.ConstructorInjector$1.run(ConstructorInjector.java:342)
	at org.picocontainer.injectors.AbstractInjector$ThreadLocalCyclicDependencyGuard.observe(AbstractInjector.java:270)
	at org.picocontainer.injectors.ConstructorInjector.getComponentInstance(ConstructorInjector.java:364)
	at org.picocontainer.injectors.AbstractInjectionFactory$LifecycleAdapter.getComponentInstance(AbstractInjectionFactory.java:56)
	at org.picocontainer.behaviors.AbstractBehavior.getComponentInstance(AbstractBehavior.java:64)
	at org.picocontainer.behaviors.Stored.getComponentInstance(Stored.java:91)
	at org.picocontainer.DefaultPicoContainer.getInstance(DefaultPicoContainer.java:699)
	at org.picocontainer.DefaultPicoContainer.getComponent(DefaultPicoContainer.java:647)
	at org.picocontainer.DefaultPicoContainer.getComponent(DefaultPicoContainer.java:632)
	at org.picocontainer.parameters.BasicComponentParameter$1.resolveInstance(BasicComponentParameter.java:118)
	at org.picocontainer.parameters.ComponentParameter$1.resolveInstance(ComponentParameter.java:136)
	at org.picocontainer.injectors.SingleMemberInjector.getParameter(SingleMemberInjector.java:78)
	at org.picocontainer.injectors.ConstructorInjector$CtorAndAdapters.getParameterArguments(ConstructorInjector.java:309)
	at org.picocontainer.injectors.ConstructorInjector$1.run(ConstructorInjector.java:335)
	at org.picocontainer.injectors.AbstractInjector$ThreadLocalCyclicDependencyGuard.observe(AbstractInjector.java:270)
	at org.picocontainer.injectors.ConstructorInjector.getComponentInstance(ConstructorInjector.java:364)
	at org.picocontainer.injectors.AbstractInjectionFactory$LifecycleAdapter.getComponentInstance(AbstractInjectionFactory.java:56)
	at org.picocontainer.behaviors.AbstractBehavior.getComponentInstance(AbstractBehavior.java:64)
	at org.picocontainer.behaviors.Stored.getComponentInstance(Stored.java:91)
	at org.picocontainer.DefaultPicoContainer.getInstance(DefaultPicoContainer.java:699)
	at org.picocontainer.DefaultPicoContainer.getComponent(DefaultPicoContainer.java:647)
	at org.picocontainer.DefaultPicoContainer.getComponent(DefaultPicoContainer.java:678)
	at io.cucumber.picocontainer.PicoFactory.getInstance(PicoFactory.java:49)
	at io.cucumber.java.AbstractGlueDefinition.invokeMethod(AbstractGlueDefinition.java:47)
	at io.cucumber.java.JavaStepDefinition.execute(JavaStepDefinition.java:29)
	at io.cucumber.core.runner.CoreStepDefinition.execute(CoreStepDefinition.java:66)
	at io.cucumber.core.runner.PickleStepDefinitionMatch.runStep(PickleStepDefinitionMatch.java:63)
	at io.cucumber.core.runner.ExecutionMode$1.execute(ExecutionMode.java:10)
	at io.cucumber.core.runner.TestStep.executeStep(TestStep.java:86)
	at io.cucumber.core.runner.TestStep.run(TestStep.java:57)
	at io.cucumber.core.runner.PickleStepTestStep.run(PickleStepTestStep.java:51)
	at io.cucumber.core.runner.TestCase.run(TestCase.java:95)
	at io.cucumber.core.runner.Runner.runPickle(Runner.java:75)
	at io.cucumber.testng.TestNGCucumberRunner.lambda$runScenario$1(TestNGCucumberRunner.java:132)
	at io.cucumber.core.runtime.CucumberExecutionContext.lambda$runTestCase$3(CucumberExecutionContext.java:110)
	at io.cucumber.core.runtime.RethrowingThrowableCollector.executeAndThrow(RethrowingThrowableCollector.java:23)
	at io.cucumber.core.runtime.CucumberExecutionContext.runTestCase(CucumberExecutionContext.java:110)
	at io.cucumber.testng.TestNGCucumberRunner.runScenario(TestNGCucumberRunner.java:129)
	at io.cucumber.testng.AbstractTestNGCucumberTests.runScenario(AbstractTestNGCucumberTests.java:35)
	at java.base/jdk.internal.reflect.DirectMethodHandleAccessor.invoke(DirectMethodHandleAccessor.java:103)
	at java.base/java.lang.reflect.Method.invoke(Method.java:580)
	at org.testng.internal.invokers.MethodInvocationHelper.invokeMethod(MethodInvocationHelper.java:139)
	at org.testng.internal.invokers.TestInvoker.invokeMethod(TestInvoker.java:677)
	at org.testng.internal.invokers.TestInvoker.invokeTestMethod(TestInvoker.java:221)
	at org.testng.internal.invokers.MethodRunner.runInSequence(MethodRunner.java:50)
	at org.testng.internal.invokers.TestInvoker$MethodInvocationAgent.invoke(TestInvoker.java:969)
	at org.testng.internal.invokers.TestInvoker.invokeTestMethods(TestInvoker.java:194)
	at org.testng.internal.invokers.TestMethodWorker.invokeTestMethods(TestMethodWorker.java:148)
	at org.testng.internal.invokers.TestMethodWorker.run(TestMethodWorker.java:128)
	at java.base/java.util.ArrayList.forEach(ArrayList.java:1596)
	at org.testng.TestRunner.privateRun(TestRunner.java:829)
	at org.testng.TestRunner.run(TestRunner.java:602)
	at org.testng.SuiteRunner.runTest(SuiteRunner.java:437)
	at org.testng.SuiteRunner.runSequentially(SuiteRunner.java:431)
	at org.testng.SuiteRunner.privateRun(SuiteRunner.java:391)
	at org.testng.SuiteRunner.run(SuiteRunner.java:330)
	at org.testng.SuiteRunnerWorker.runSuite(SuiteRunnerWorker.java:52)
	at org.testng.SuiteRunnerWorker.run(SuiteRunnerWorker.java:95)
	at org.testng.TestNG.runSuitesSequentially(TestNG.java:1256)
	at org.testng.TestNG.runSuitesLocally(TestNG.java:1176)
	at org.testng.TestNG.runSuites(TestNG.java:1099)
	at org.testng.TestNG.run(TestNG.java:1067)
	at org.apache.maven.surefire.testng.TestNGExecutor.run(TestNGExecutor.java:135)
	at org.apache.maven.surefire.testng.TestNGDirectoryTestSuite.executeSingleClass(TestNGDirectoryTestSuite.java:112)
	at org.apache.maven.surefire.testng.TestNGDirectoryTestSuite.execute(TestNGDirectoryTestSuite.java:99)
	at org.apache.maven.surefire.testng.TestNGProvider.invoke(TestNGProvider.java:146)
	at org.apache.maven.surefire.booter.ForkedBooter.invokeProviderInSameClassLoader(ForkedBooter.java:383)
	at org.apache.maven.surefire.booter.ForkedBooter.runSuitesInProcess(ForkedBooter.java:344)
	at org.apache.maven.surefire.booter.ForkedBooter.execute(ForkedBooter.java:125)
	at org.apache.maven.surefire.booter.ForkedBooter.main(ForkedBooter.java:417)
&amp#27;[0m
  &amp#27;[36m* &amp#27;[0m&amp#27;[36mi &amp#27;[0m&amp#27;[36m&amp#27;[1mwaitIfOpenAgain&amp#27;[0m&amp#27;[36m element &amp#27;[0m&amp#27;[36m&amp#27;[1mallert&amp#27;[0m                                        &amp#27;[90m# stepdefs.ui.UiBaseStepDefs.elementAction(java.lang.String,java.lang.String)&amp#27;[0m
  &amp#27;[36mWhen &amp#27;[0m&amp#27;[36mi &amp#27;[0m&amp#27;[36m&amp#27;[1mclick&amp#27;[0m&amp#27;[36m element &amp#27;[0m&amp#27;[36m&amp#27;[1mallert&amp#27;[0m                                               &amp#27;[90m# stepdefs.ui.UiBaseStepDefs.elementAction(java.lang.String,java.lang.String)&amp#27;[0m
  &amp#27;[36m* &amp#27;[0m&amp#27;[36mclick 5 links randomly and visible&amp#27;[0m                                      &amp#27;[90m# stepdefs.project.ProjectStepDefs.clickLinksRandomly()&amp#27;[0m
  &amp#27;[36m* &amp#27;[0m&amp#27;[36mdriver &amp#27;[0m&amp#27;[36m&amp#27;[1mquit&amp#27;[0m                                                             &amp#27;[90m# stepdefs.ui.UiBaseStepDefs.driverAction(java.lang.String)&amp#27;[0m
]]></system-out>
  </testcase>
  <testcase name="runScenario" classname="options.TestRunner" time="0.007">
    <failure type="java.lang.AssertionError">java.lang.AssertionError
</failure>
    <system-out><![CDATA[
@test
Scenario: Binance - Spot-margin alanında AVAX bulunur ve doğrulama yapılır. &amp#27;[90m# src/test/resources/features/paribuTest.feature:47&amp#27;[0m
2023-12-17 22:01:14 INFO  helpers.ui.DriverHelper.<init>:30 - 	 Driver - Driver constructor working and TestConfig called
  &amp#27;[31mGiven &amp#27;[0m&amp#27;[31mgo to &amp#27;[0m&amp#27;[31m&amp#27;[1mparibuTest&amp#27;[0m&amp#27;[31m page with &amp#27;[0m&amp#27;[31m&amp#27;[1mChrome&amp#27;[0m                                   &amp#27;[90m# stepdefs.ui.UiBaseStepDefs.goToPage(java.lang.String,java.lang.String)&amp#27;[0m
      &amp#27;[31mjava.lang.AssertionError
	at helpers.ui.UiHelper.<init>(UiHelper.java:31)
	at java.base/jdk.internal.reflect.DirectConstructorHandleAccessor.newInstance(DirectConstructorHandleAccessor.java:62)
	at java.base/java.lang.reflect.Constructor.newInstanceWithCaller(Constructor.java:502)
	at java.base/java.lang.reflect.Constructor.newInstance(Constructor.java:486)
	at org.picocontainer.injectors.AbstractInjector.newInstance(AbstractInjector.java:145)
	at org.picocontainer.injectors.ConstructorInjector$1.run(ConstructorInjector.java:342)
	at org.picocontainer.injectors.AbstractInjector$ThreadLocalCyclicDependencyGuard.observe(AbstractInjector.java:270)
	at org.picocontainer.injectors.ConstructorInjector.getComponentInstance(ConstructorInjector.java:364)
	at org.picocontainer.injectors.AbstractInjectionFactory$LifecycleAdapter.getComponentInstance(AbstractInjectionFactory.java:56)
	at org.picocontainer.behaviors.AbstractBehavior.getComponentInstance(AbstractBehavior.java:64)
	at org.picocontainer.behaviors.Stored.getComponentInstance(Stored.java:91)
	at org.picocontainer.DefaultPicoContainer.getInstance(DefaultPicoContainer.java:699)
	at org.picocontainer.DefaultPicoContainer.getComponent(DefaultPicoContainer.java:647)
	at org.picocontainer.DefaultPicoContainer.getComponent(DefaultPicoContainer.java:632)
	at org.picocontainer.parameters.BasicComponentParameter$1.resolveInstance(BasicComponentParameter.java:118)
	at org.picocontainer.parameters.ComponentParameter$1.resolveInstance(ComponentParameter.java:136)
	at org.picocontainer.injectors.SingleMemberInjector.getParameter(SingleMemberInjector.java:78)
	at org.picocontainer.injectors.ConstructorInjector$CtorAndAdapters.getParameterArguments(ConstructorInjector.java:309)
	at org.picocontainer.injectors.ConstructorInjector$1.run(ConstructorInjector.java:335)
	at org.picocontainer.injectors.AbstractInjector$ThreadLocalCyclicDependencyGuard.observe(AbstractInjector.java:270)
	at org.picocontainer.injectors.ConstructorInjector.getComponentInstance(ConstructorInjector.java:364)
	at org.picocontainer.injectors.AbstractInjectionFactory$LifecycleAdapter.getComponentInstance(AbstractInjectionFactory.java:56)
	at org.picocontainer.behaviors.AbstractBehavior.getComponentInstance(AbstractBehavior.java:64)
	at org.picocontainer.behaviors.Stored.getComponentInstance(Stored.java:91)
	at org.picocontainer.DefaultPicoContainer.getInstance(DefaultPicoContainer.java:699)
	at org.picocontainer.DefaultPicoContainer.getComponent(DefaultPicoContainer.java:647)
	at org.picocontainer.DefaultPicoContainer.getComponent(DefaultPicoContainer.java:678)
	at io.cucumber.picocontainer.PicoFactory.getInstance(PicoFactory.java:49)
	at io.cucumber.java.AbstractGlueDefinition.invokeMethod(AbstractGlueDefinition.java:47)
	at io.cucumber.java.JavaStepDefinition.execute(JavaStepDefinition.java:29)
	at io.cucumber.core.runner.CoreStepDefinition.execute(CoreStepDefinition.java:66)
	at io.cucumber.core.runner.PickleStepDefinitionMatch.runStep(PickleStepDefinitionMatch.java:63)
	at io.cucumber.core.runner.ExecutionMode$1.execute(ExecutionMode.java:10)
	at io.cucumber.core.runner.TestStep.executeStep(TestStep.java:86)
	at io.cucumber.core.runner.TestStep.run(TestStep.java:57)
	at io.cucumber.core.runner.PickleStepTestStep.run(PickleStepTestStep.java:51)
	at io.cucumber.core.runner.TestCase.run(TestCase.java:95)
	at io.cucumber.core.runner.Runner.runPickle(Runner.java:75)
	at io.cucumber.testng.TestNGCucumberRunner.lambda$runScenario$1(TestNGCucumberRunner.java:132)
	at io.cucumber.core.runtime.CucumberExecutionContext.lambda$runTestCase$3(CucumberExecutionContext.java:110)
	at io.cucumber.core.runtime.RethrowingThrowableCollector.executeAndThrow(RethrowingThrowableCollector.java:23)
	at io.cucumber.core.runtime.CucumberExecutionContext.runTestCase(CucumberExecutionContext.java:110)
	at io.cucumber.testng.TestNGCucumberRunner.runScenario(TestNGCucumberRunner.java:129)
	at io.cucumber.testng.AbstractTestNGCucumberTests.runScenario(AbstractTestNGCucumberTests.java:35)
	at java.base/jdk.internal.reflect.DirectMethodHandleAccessor.invoke(DirectMethodHandleAccessor.java:103)
	at java.base/java.lang.reflect.Method.invoke(Method.java:580)
	at org.testng.internal.invokers.MethodInvocationHelper.invokeMethod(MethodInvocationHelper.java:139)
	at org.testng.internal.invokers.TestInvoker.invokeMethod(TestInvoker.java:677)
	at org.testng.internal.invokers.TestInvoker.invokeTestMethod(TestInvoker.java:221)
	at org.testng.internal.invokers.MethodRunner.runInSequence(MethodRunner.java:50)
	at org.testng.internal.invokers.TestInvoker$MethodInvocationAgent.invoke(TestInvoker.java:969)
	at org.testng.internal.invokers.TestInvoker.invokeTestMethods(TestInvoker.java:194)
	at org.testng.internal.invokers.TestMethodWorker.invokeTestMethods(TestMethodWorker.java:148)
	at org.testng.internal.invokers.TestMethodWorker.run(TestMethodWorker.java:128)
	at java.base/java.util.ArrayList.forEach(ArrayList.java:1596)
	at org.testng.TestRunner.privateRun(TestRunner.java:829)
	at org.testng.TestRunner.run(TestRunner.java:602)
	at org.testng.SuiteRunner.runTest(SuiteRunner.java:437)
	at org.testng.SuiteRunner.runSequentially(SuiteRunner.java:431)
	at org.testng.SuiteRunner.privateRun(SuiteRunner.java:391)
	at org.testng.SuiteRunner.run(SuiteRunner.java:330)
	at org.testng.SuiteRunnerWorker.runSuite(SuiteRunnerWorker.java:52)
	at org.testng.SuiteRunnerWorker.run(SuiteRunnerWorker.java:95)
	at org.testng.TestNG.runSuitesSequentially(TestNG.java:1256)
	at org.testng.TestNG.runSuitesLocally(TestNG.java:1176)
	at org.testng.TestNG.runSuites(TestNG.java:1099)
	at org.testng.TestNG.run(TestNG.java:1067)
	at org.apache.maven.surefire.testng.TestNGExecutor.run(TestNGExecutor.java:135)
	at org.apache.maven.surefire.testng.TestNGDirectoryTestSuite.executeSingleClass(TestNGDirectoryTestSuite.java:112)
	at org.apache.maven.surefire.testng.TestNGDirectoryTestSuite.execute(TestNGDirectoryTestSuite.java:99)
	at org.apache.maven.surefire.testng.TestNGProvider.invoke(TestNGProvider.java:146)
	at org.apache.maven.surefire.booter.ForkedBooter.invokeProviderInSameClassLoader(ForkedBooter.java:383)
	at org.apache.maven.surefire.booter.ForkedBooter.runSuitesInProcess(ForkedBooter.java:344)
	at org.apache.maven.surefire.booter.ForkedBooter.execute(ForkedBooter.java:125)
	at org.apache.maven.surefire.booter.ForkedBooter.main(ForkedBooter.java:417)
&amp#27;[0m
  &amp#27;[36m* &amp#27;[0m&amp#27;[36mi &amp#27;[0m&amp#27;[36m&amp#27;[1mwaitIfOpenAgain&amp#27;[0m&amp#27;[36m element &amp#27;[0m&amp#27;[36m&amp#27;[1mallert&amp#27;[0m                                        &amp#27;[90m# stepdefs.ui.UiBaseStepDefs.elementAction(java.lang.String,java.lang.String)&amp#27;[0m
  &amp#27;[36mWhen &amp#27;[0m&amp#27;[36mi &amp#27;[0m&amp#27;[36m&amp#27;[1mclick&amp#27;[0m&amp#27;[36m element &amp#27;[0m&amp#27;[36m&amp#27;[1mallert&amp#27;[0m                                               &amp#27;[90m# stepdefs.ui.UiBaseStepDefs.elementAction(java.lang.String,java.lang.String)&amp#27;[0m
  &amp#27;[36m* &amp#27;[0m&amp#27;[36mi &amp#27;[0m&amp#27;[36m&amp#27;[1mclick&amp#27;[0m&amp#27;[36m element &amp#27;[0m&amp#27;[36m&amp#27;[1mpiyasalar&amp#27;[0m                                               &amp#27;[90m# stepdefs.ui.UiBaseStepDefs.elementAction(java.lang.String,java.lang.String)&amp#27;[0m
  &amp#27;[36m* &amp#27;[0m&amp#27;[36mi &amp#27;[0m&amp#27;[36m&amp#27;[1mclick&amp#27;[0m&amp#27;[36m element &amp#27;[0m&amp#27;[36m&amp#27;[1mpiyasalarınOzeti&amp#27;[0m                                        &amp#27;[90m# stepdefs.ui.UiBaseStepDefs.elementAction(java.lang.String,java.lang.String)&amp#27;[0m
  &amp#27;[36m* &amp#27;[0m&amp#27;[36mi &amp#27;[0m&amp#27;[36m&amp#27;[1mclick&amp#27;[0m&amp#27;[36m element &amp#27;[0m&amp#27;[36m&amp#27;[1mspot-margin&amp#27;[0m                                             &amp#27;[90m# stepdefs.ui.UiBaseStepDefs.elementAction(java.lang.String,java.lang.String)&amp#27;[0m
  &amp#27;[36m* &amp#27;[0m&amp#27;[36mi &amp#27;[0m&amp#27;[36m&amp#27;[1mforceClick&amp#27;[0m&amp#27;[36m element &amp#27;[0m&amp#27;[36m&amp#27;[1mUSDT&amp#27;[0m                                               &amp#27;[90m# stepdefs.ui.UiBaseStepDefs.elementAction(java.lang.String,java.lang.String)&amp#27;[0m
  &amp#27;[36m* &amp#27;[0m&amp#27;[36mfind crypto and verify &amp#27;[0m&amp#27;[36m&amp#27;[1mAVAX&amp#27;[0m                                             &amp#27;[90m# stepdefs.project.ProjectStepDefs.findCrypto(java.lang.String)&amp#27;[0m
  &amp#27;[36m* &amp#27;[0m&amp#27;[36mdriver &amp#27;[0m&amp#27;[36m&amp#27;[1mquit&amp#27;[0m                                                             &amp#27;[90m# stepdefs.ui.UiBaseStepDefs.driverAction(java.lang.String)&amp#27;[0m
]]></system-out>
  </testcase>
  <testcase name="runScenario" classname="options.TestRunner" time="0.01">
    <failure type="java.lang.AssertionError">java.lang.AssertionError
</failure>
    <system-out><![CDATA[
@test
Scenario: Parallel Test                                   &amp#27;[90m# src/test/resources/features/paribuTest.feature:58&amp#27;[0m
2023-12-17 22:01:14 INFO  helpers.ui.DriverHelper.<init>:30 - 	 Driver - Driver constructor working and TestConfig called
  &amp#27;[31mGiven &amp#27;[0m&amp#27;[31mparalel run scenario with the following scenarios&amp#27;[0m &amp#27;[90m# stepdefs.project.ProjectStepDefs.paralelRunScenario(io.cucumber.datatable.DataTable)&amp#27;[0m
    | scenarioList                                                   |
    | Binance - Yanlis Bilgiyle Giriş Yapmak ve Hata Almak           |
    | Binance - Yanlis Bilgiyle Giriş Yapmak ve Hata Almak - Firefox |
      &amp#27;[31mjava.lang.AssertionError
	at helpers.ui.UiHelper.<init>(UiHelper.java:31)
	at java.base/jdk.internal.reflect.DirectConstructorHandleAccessor.newInstance(DirectConstructorHandleAccessor.java:62)
	at java.base/java.lang.reflect.Constructor.newInstanceWithCaller(Constructor.java:502)
	at java.base/java.lang.reflect.Constructor.newInstance(Constructor.java:486)
	at org.picocontainer.injectors.AbstractInjector.newInstance(AbstractInjector.java:145)
	at org.picocontainer.injectors.ConstructorInjector$1.run(ConstructorInjector.java:342)
	at org.picocontainer.injectors.AbstractInjector$ThreadLocalCyclicDependencyGuard.observe(AbstractInjector.java:270)
	at org.picocontainer.injectors.ConstructorInjector.getComponentInstance(ConstructorInjector.java:364)
	at org.picocontainer.injectors.AbstractInjectionFactory$LifecycleAdapter.getComponentInstance(AbstractInjectionFactory.java:56)
	at org.picocontainer.behaviors.AbstractBehavior.getComponentInstance(AbstractBehavior.java:64)
	at org.picocontainer.behaviors.Stored.getComponentInstance(Stored.java:91)
	at org.picocontainer.DefaultPicoContainer.getInstance(DefaultPicoContainer.java:699)
	at org.picocontainer.DefaultPicoContainer.getComponent(DefaultPicoContainer.java:647)
	at org.picocontainer.DefaultPicoContainer.getComponent(DefaultPicoContainer.java:632)
	at org.picocontainer.parameters.BasicComponentParameter$1.resolveInstance(BasicComponentParameter.java:118)
	at org.picocontainer.parameters.ComponentParameter$1.resolveInstance(ComponentParameter.java:136)
	at org.picocontainer.injectors.SingleMemberInjector.getParameter(SingleMemberInjector.java:78)
	at org.picocontainer.injectors.ConstructorInjector$CtorAndAdapters.getParameterArguments(ConstructorInjector.java:309)
	at org.picocontainer.injectors.ConstructorInjector$1.run(ConstructorInjector.java:335)
	at org.picocontainer.injectors.AbstractInjector$ThreadLocalCyclicDependencyGuard.observe(AbstractInjector.java:270)
	at org.picocontainer.injectors.ConstructorInjector.getComponentInstance(ConstructorInjector.java:364)
	at org.picocontainer.injectors.AbstractInjectionFactory$LifecycleAdapter.getComponentInstance(AbstractInjectionFactory.java:56)
	at org.picocontainer.behaviors.AbstractBehavior.getComponentInstance(AbstractBehavior.java:64)
	at org.picocontainer.behaviors.Stored.getComponentInstance(Stored.java:91)
	at org.picocontainer.DefaultPicoContainer.getInstance(DefaultPicoContainer.java:699)
	at org.picocontainer.DefaultPicoContainer.getComponent(DefaultPicoContainer.java:647)
	at org.picocontainer.DefaultPicoContainer.getComponent(DefaultPicoContainer.java:632)
	at org.picocontainer.parameters.BasicComponentParameter$1.resolveInstance(BasicComponentParameter.java:118)
	at org.picocontainer.parameters.ComponentParameter$1.resolveInstance(ComponentParameter.java:136)
	at org.picocontainer.injectors.SingleMemberInjector.getParameter(SingleMemberInjector.java:78)
	at org.picocontainer.injectors.ConstructorInjector$CtorAndAdapters.getParameterArguments(ConstructorInjector.java:309)
	at org.picocontainer.injectors.ConstructorInjector$1.run(ConstructorInjector.java:335)
	at org.picocontainer.injectors.AbstractInjector$ThreadLocalCyclicDependencyGuard.observe(AbstractInjector.java:270)
	at org.picocontainer.injectors.ConstructorInjector.getComponentInstance(ConstructorInjector.java:364)
	at org.picocontainer.injectors.AbstractInjectionFactory$LifecycleAdapter.getComponentInstance(AbstractInjectionFactory.java:56)
	at org.picocontainer.behaviors.AbstractBehavior.getComponentInstance(AbstractBehavior.java:64)
	at org.picocontainer.behaviors.Stored.getComponentInstance(Stored.java:91)
	at org.picocontainer.DefaultPicoContainer.getInstance(DefaultPicoContainer.java:699)
	at org.picocontainer.DefaultPicoContainer.getComponent(DefaultPicoContainer.java:647)
	at org.picocontainer.DefaultPicoContainer.getComponent(DefaultPicoContainer.java:678)
	at io.cucumber.picocontainer.PicoFactory.getInstance(PicoFactory.java:49)
	at io.cucumber.java.AbstractGlueDefinition.invokeMethod(AbstractGlueDefinition.java:47)
	at io.cucumber.java.JavaStepDefinition.execute(JavaStepDefinition.java:29)
	at io.cucumber.core.runner.CoreStepDefinition.execute(CoreStepDefinition.java:66)
	at io.cucumber.core.runner.PickleStepDefinitionMatch.runStep(PickleStepDefinitionMatch.java:63)
	at io.cucumber.core.runner.ExecutionMode$1.execute(ExecutionMode.java:10)
	at io.cucumber.core.runner.TestStep.executeStep(TestStep.java:86)
	at io.cucumber.core.runner.TestStep.run(TestStep.java:57)
	at io.cucumber.core.runner.PickleStepTestStep.run(PickleStepTestStep.java:51)
	at io.cucumber.core.runner.TestCase.run(TestCase.java:95)
	at io.cucumber.core.runner.Runner.runPickle(Runner.java:75)
	at io.cucumber.testng.TestNGCucumberRunner.lambda$runScenario$1(TestNGCucumberRunner.java:132)
	at io.cucumber.core.runtime.CucumberExecutionContext.lambda$runTestCase$3(CucumberExecutionContext.java:110)
	at io.cucumber.core.runtime.RethrowingThrowableCollector.executeAndThrow(RethrowingThrowableCollector.java:23)
	at io.cucumber.core.runtime.CucumberExecutionContext.runTestCase(CucumberExecutionContext.java:110)
	at io.cucumber.testng.TestNGCucumberRunner.runScenario(TestNGCucumberRunner.java:129)
	at io.cucumber.testng.AbstractTestNGCucumberTests.runScenario(AbstractTestNGCucumberTests.java:35)
	at java.base/jdk.internal.reflect.DirectMethodHandleAccessor.invoke(DirectMethodHandleAccessor.java:103)
	at java.base/java.lang.reflect.Method.invoke(Method.java:580)
	at org.testng.internal.invokers.MethodInvocationHelper.invokeMethod(MethodInvocationHelper.java:139)
	at org.testng.internal.invokers.TestInvoker.invokeMethod(TestInvoker.java:677)
	at org.testng.internal.invokers.TestInvoker.invokeTestMethod(TestInvoker.java:221)
	at org.testng.internal.invokers.MethodRunner.runInSequence(MethodRunner.java:50)
	at org.testng.internal.invokers.TestInvoker$MethodInvocationAgent.invoke(TestInvoker.java:969)
	at org.testng.internal.invokers.TestInvoker.invokeTestMethods(TestInvoker.java:194)
	at org.testng.internal.invokers.TestMethodWorker.invokeTestMethods(TestMethodWorker.java:148)
	at org.testng.internal.invokers.TestMethodWorker.run(TestMethodWorker.java:128)
	at java.base/java.util.ArrayList.forEach(ArrayList.java:1596)
	at org.testng.TestRunner.privateRun(TestRunner.java:829)
	at org.testng.TestRunner.run(TestRunner.java:602)
	at org.testng.SuiteRunner.runTest(SuiteRunner.java:437)
	at org.testng.SuiteRunner.runSequentially(SuiteRunner.java:431)
	at org.testng.SuiteRunner.privateRun(SuiteRunner.java:391)
	at org.testng.SuiteRunner.run(SuiteRunner.java:330)
	at org.testng.SuiteRunnerWorker.runSuite(SuiteRunnerWorker.java:52)
	at org.testng.SuiteRunnerWorker.run(SuiteRunnerWorker.java:95)
	at org.testng.TestNG.runSuitesSequentially(TestNG.java:1256)
	at org.testng.TestNG.runSuitesLocally(TestNG.java:1176)
	at org.testng.TestNG.runSuites(TestNG.java:1099)
	at org.testng.TestNG.run(TestNG.java:1067)
	at org.apache.maven.surefire.testng.TestNGExecutor.run(TestNGExecutor.java:135)
	at org.apache.maven.surefire.testng.TestNGDirectoryTestSuite.executeSingleClass(TestNGDirectoryTestSuite.java:112)
	at org.apache.maven.surefire.testng.TestNGDirectoryTestSuite.execute(TestNGDirectoryTestSuite.java:99)
	at org.apache.maven.surefire.testng.TestNGProvider.invoke(TestNGProvider.java:146)
	at org.apache.maven.surefire.booter.ForkedBooter.invokeProviderInSameClassLoader(ForkedBooter.java:383)
	at org.apache.maven.surefire.booter.ForkedBooter.runSuitesInProcess(ForkedBooter.java:344)
	at org.apache.maven.surefire.booter.ForkedBooter.execute(ForkedBooter.java:125)
	at org.apache.maven.surefire.booter.ForkedBooter.main(ForkedBooter.java:417)
&amp#27;[0m
]]></system-out>
  </testcase>
</testsuite>